Started GET "/" for 127.0.0.1 at 2017-08-01 21:54:12 -0400
Processing by Rails::WelcomeController#index as HTML
  Parameters: {"internal"=>true}
  Rendering /Users/daruz14/.rbenv/versions/2.4.0/lib/ruby/gems/2.4.0/gems/railties-5.0.5/lib/rails/templates/rails/welcome/index.html.erb
  Rendered /Users/daruz14/.rbenv/versions/2.4.0/lib/ruby/gems/2.4.0/gems/railties-5.0.5/lib/rails/templates/rails/welcome/index.html.erb (4.9ms)
Completed 200 OK in 46ms (Views: 13.0ms | ActiveRecord: 0.0ms)


  [1m[35m (20.7ms)[0m  [1m[35mCREATE TABLE "schema_migrations" ("version" character varying PRIMARY KEY)[0m
  [1m[35m (3.1ms)[0m  [1m[35mCREATE TABLE "ar_internal_metadata" ("key" character varying PRIMARY KEY, "value" character varying, "created_at" timestamp NOT NULL, "updated_at" timestamp NOT NULL)[0m
  [1m[35m (0.8ms)[0m  [1m[34mSELECT pg_try_advisory_lock(7088171207506993485);[0m
  [1m[36mActiveRecord::SchemaMigration Load (0.5ms)[0m  [1m[34mSELECT "schema_migrations".* FROM "schema_migrations"[0m
Migrating to CreateUsers (20170802022724)
  [1m[35m (0.2ms)[0m  [1m[35mBEGIN[0m
  [1m[35m (8.2ms)[0m  [1m[35mCREATE TABLE "users" ("id" serial primary key, "name" character varying, "rol" integer, "created_at" timestamp NOT NULL, "updated_at" timestamp NOT NULL)[0m
  [1m[35mSQL (1.5ms)[0m  [1m[32mINSERT INTO "schema_migrations" ("version") VALUES ($1) RETURNING "version"[0m  [["version", "20170802022724"]]
  [1m[35m (0.5ms)[0m  [1m[35mCOMMIT[0m
  [1m[36mActiveRecord::InternalMetadata Load (1.1ms)[0m  [1m[34mSELECT  "ar_internal_metadata".* FROM "ar_internal_metadata" WHERE "ar_internal_metadata"."key" = $1 LIMIT $2[0m  [["key", "environment"], ["LIMIT", 1]]
  [1m[35m (0.2ms)[0m  [1m[35mBEGIN[0m
  [1m[35mSQL (0.8ms)[0m  [1m[32mINSERT INTO "ar_internal_metadata" ("key", "value", "created_at", "updated_at") VALUES ($1, $2, $3, $4) RETURNING "key"[0m  [["key", "environment"], ["value", "development"], ["created_at", "2017-08-02 02:28:34.443911"], ["updated_at", "2017-08-02 02:28:34.443911"]]
  [1m[35m (0.4ms)[0m  [1m[35mCOMMIT[0m
  [1m[35m (0.4ms)[0m  [1m[34mSELECT pg_advisory_unlock(7088171207506993485)[0m
  [1m[36mActiveRecord::SchemaMigration Load (0.7ms)[0m  [1m[34mSELECT "schema_migrations".* FROM "schema_migrations"[0m
Started GET "/" for 127.0.0.1 at 2017-08-01 22:29:53 -0400
  [1m[36mActiveRecord::SchemaMigration Load (0.5ms)[0m  [1m[34mSELECT "schema_migrations".* FROM "schema_migrations"[0m
Processing by UsersController#index as HTML
  Rendering users/index.html.erb within layouts/application
  [1m[36mUser Load (0.8ms)[0m  [1m[34mSELECT "users".* FROM "users"[0m
  Rendered users/index.html.erb within layouts/application (8.2ms)
Completed 200 OK in 853ms (Views: 835.1ms | ActiveRecord: 2.0ms)


  [1m[35m (0.3ms)[0m  [1m[34mSELECT pg_try_advisory_lock(7088171207506993485);[0m
  [1m[36mActiveRecord::SchemaMigration Load (0.5ms)[0m  [1m[34mSELECT "schema_migrations".* FROM "schema_migrations"[0m
Migrating to AddDeviseToUsers (20170802023556)
  [1m[35m (0.3ms)[0m  [1m[35mBEGIN[0m
  [1m[35m (10.8ms)[0m  [1m[35mALTER TABLE "users" ADD "email" character varying DEFAULT '' NOT NULL[0m
  [1m[35m (3.0ms)[0m  [1m[35mALTER TABLE "users" ADD "encrypted_password" character varying DEFAULT '' NOT NULL[0m
  [1m[35m (0.4ms)[0m  [1m[35mALTER TABLE "users" ADD "reset_password_token" character varying[0m
  [1m[35m (0.6ms)[0m  [1m[35mALTER TABLE "users" ADD "reset_password_sent_at" timestamp[0m
  [1m[35m (0.5ms)[0m  [1m[35mALTER TABLE "users" ADD "remember_created_at" timestamp[0m
  [1m[35m (4.6ms)[0m  [1m[35mALTER TABLE "users" ADD "sign_in_count" integer DEFAULT 0 NOT NULL[0m
  [1m[35m (0.4ms)[0m  [1m[35mALTER TABLE "users" ADD "current_sign_in_at" timestamp[0m
  [1m[35m (0.3ms)[0m  [1m[35mALTER TABLE "users" ADD "last_sign_in_at" timestamp[0m
  [1m[35m (0.4ms)[0m  [1m[35mALTER TABLE "users" ADD "current_sign_in_ip" inet[0m
  [1m[35m (0.4ms)[0m  [1m[35mALTER TABLE "users" ADD "last_sign_in_ip" inet[0m
  [1m[35m (2.0ms)[0m  [1m[35mCREATE UNIQUE INDEX  "index_users_on_email" ON "users"  ("email")[0m
  [1m[35m (1.0ms)[0m  [1m[35mCREATE UNIQUE INDEX  "index_users_on_reset_password_token" ON "users"  ("reset_password_token")[0m
  [1m[35mSQL (0.5ms)[0m  [1m[32mINSERT INTO "schema_migrations" ("version") VALUES ($1) RETURNING "version"[0m  [["version", "20170802023556"]]
  [1m[35m (2.4ms)[0m  [1m[35mCOMMIT[0m
  [1m[36mActiveRecord::InternalMetadata Load (1.4ms)[0m  [1m[34mSELECT  "ar_internal_metadata".* FROM "ar_internal_metadata" WHERE "ar_internal_metadata"."key" = $1 LIMIT $2[0m  [["key", "environment"], ["LIMIT", 1]]
  [1m[35m (0.7ms)[0m  [1m[35mBEGIN[0m
  [1m[35m (0.7ms)[0m  [1m[35mCOMMIT[0m
  [1m[35m (0.4ms)[0m  [1m[34mSELECT pg_advisory_unlock(7088171207506993485)[0m
  [1m[36mActiveRecord::SchemaMigration Load (0.3ms)[0m  [1m[34mSELECT "schema_migrations".* FROM "schema_migrations"[0m
Started GET "/" for 127.0.0.1 at 2017-08-01 22:36:40 -0400
  
NoMethodError (undefined method `devise' for #<Class:0x007fcaf63ca7a8>):
  
app/models/user.rb:4:in `<class:User>'
app/models/user.rb:1:in `<top (required)>'
config/routes.rb:2:in `block in <top (required)>'
config/routes.rb:1:in `<top (required)>'
  Rendering /Users/daruz14/.rbenv/versions/2.4.0/lib/ruby/gems/2.4.0/gems/actionpack-5.0.5/lib/action_dispatch/middleware/templates/rescues/diagnostics.html.erb within rescues/layout
  Rendering /Users/daruz14/.rbenv/versions/2.4.0/lib/ruby/gems/2.4.0/gems/actionpack-5.0.5/lib/action_dispatch/middleware/templates/rescues/_source.html.erb
  Rendered /Users/daruz14/.rbenv/versions/2.4.0/lib/ruby/gems/2.4.0/gems/actionpack-5.0.5/lib/action_dispatch/middleware/templates/rescues/_source.html.erb (5.5ms)
  Rendering /Users/daruz14/.rbenv/versions/2.4.0/lib/ruby/gems/2.4.0/gems/actionpack-5.0.5/lib/action_dispatch/middleware/templates/rescues/_trace.html.erb
  Rendered /Users/daruz14/.rbenv/versions/2.4.0/lib/ruby/gems/2.4.0/gems/actionpack-5.0.5/lib/action_dispatch/middleware/templates/rescues/_trace.html.erb (2.5ms)
  Rendering /Users/daruz14/.rbenv/versions/2.4.0/lib/ruby/gems/2.4.0/gems/actionpack-5.0.5/lib/action_dispatch/middleware/templates/rescues/_request_and_response.html.erb
  Rendered /Users/daruz14/.rbenv/versions/2.4.0/lib/ruby/gems/2.4.0/gems/actionpack-5.0.5/lib/action_dispatch/middleware/templates/rescues/_request_and_response.html.erb (0.8ms)
  Rendered /Users/daruz14/.rbenv/versions/2.4.0/lib/ruby/gems/2.4.0/gems/actionpack-5.0.5/lib/action_dispatch/middleware/templates/rescues/diagnostics.html.erb within rescues/layout (84.4ms)
Started GET "/" for 127.0.0.1 at 2017-08-01 22:39:16 -0400
  [1m[36mActiveRecord::SchemaMigration Load (0.8ms)[0m  [1m[34mSELECT "schema_migrations".* FROM "schema_migrations"[0m
  
ActionController::RoutingError (No route matches [GET] "/"):
  
actionpack (5.0.5) lib/action_dispatch/middleware/debug_exceptions.rb:53:in `call'
web-console (3.5.1) lib/web_console/middleware.rb:135:in `call_app'
web-console (3.5.1) lib/web_console/middleware.rb:28:in `block in call'
web-console (3.5.1) lib/web_console/middleware.rb:18:in `catch'
web-console (3.5.1) lib/web_console/middleware.rb:18:in `call'
actionpack (5.0.5) lib/action_dispatch/middleware/show_exceptions.rb:31:in `call'
railties (5.0.5) lib/rails/rack/logger.rb:36:in `call_app'
railties (5.0.5) lib/rails/rack/logger.rb:24:in `block in call'
activesupport (5.0.5) lib/active_support/tagged_logging.rb:69:in `block in tagged'
activesupport (5.0.5) lib/active_support/tagged_logging.rb:26:in `tagged'
activesupport (5.0.5) lib/active_support/tagged_logging.rb:69:in `tagged'
railties (5.0.5) lib/rails/rack/logger.rb:24:in `call'
sprockets-rails (3.2.0) lib/sprockets/rails/quiet_assets.rb:13:in `call'
actionpack (5.0.5) lib/action_dispatch/middleware/request_id.rb:24:in `call'
rack (2.0.3) lib/rack/method_override.rb:22:in `call'
rack (2.0.3) lib/rack/runtime.rb:22:in `call'
activesupport (5.0.5) lib/active_support/cache/strategy/local_cache_middleware.rb:28:in `call'
actionpack (5.0.5) lib/action_dispatch/middleware/executor.rb:12:in `call'
actionpack (5.0.5) lib/action_dispatch/middleware/static.rb:136:in `call'
rack (2.0.3) lib/rack/sendfile.rb:111:in `call'
railties (5.0.5) lib/rails/engine.rb:522:in `call'
puma (3.9.1) lib/puma/configuration.rb:224:in `call'
puma (3.9.1) lib/puma/server.rb:602:in `handle_request'
puma (3.9.1) lib/puma/server.rb:435:in `process_client'
puma (3.9.1) lib/puma/server.rb:299:in `block in run'
puma (3.9.1) lib/puma/thread_pool.rb:120:in `block in spawn_thread'
  Rendering /Users/daruz14/.rbenv/versions/2.4.0/lib/ruby/gems/2.4.0/gems/actionpack-5.0.5/lib/action_dispatch/middleware/templates/rescues/routing_error.html.erb within rescues/layout
  Rendering /Users/daruz14/.rbenv/versions/2.4.0/lib/ruby/gems/2.4.0/gems/actionpack-5.0.5/lib/action_dispatch/middleware/templates/rescues/_trace.html.erb
  Rendered /Users/daruz14/.rbenv/versions/2.4.0/lib/ruby/gems/2.4.0/gems/actionpack-5.0.5/lib/action_dispatch/middleware/templates/rescues/_trace.html.erb (1.2ms)
  Rendered /Users/daruz14/.rbenv/versions/2.4.0/lib/ruby/gems/2.4.0/gems/actionpack-5.0.5/lib/action_dispatch/middleware/templates/routes/_table.html.erb (19.8ms)
  Rendering /Users/daruz14/.rbenv/versions/2.4.0/lib/ruby/gems/2.4.0/gems/actionpack-5.0.5/lib/action_dispatch/middleware/templates/rescues/_request_and_response.html.erb
  Rendered /Users/daruz14/.rbenv/versions/2.4.0/lib/ruby/gems/2.4.0/gems/actionpack-5.0.5/lib/action_dispatch/middleware/templates/rescues/_request_and_response.html.erb (1.6ms)
  Rendered /Users/daruz14/.rbenv/versions/2.4.0/lib/ruby/gems/2.4.0/gems/actionpack-5.0.5/lib/action_dispatch/middleware/templates/rescues/routing_error.html.erb within rescues/layout (93.9ms)
Started GET "/" for 127.0.0.1 at 2017-08-01 22:39:22 -0400
  
ActionController::RoutingError (No route matches [GET] "/"):
  
actionpack (5.0.5) lib/action_dispatch/middleware/debug_exceptions.rb:53:in `call'
web-console (3.5.1) lib/web_console/middleware.rb:135:in `call_app'
web-console (3.5.1) lib/web_console/middleware.rb:28:in `block in call'
web-console (3.5.1) lib/web_console/middleware.rb:18:in `catch'
web-console (3.5.1) lib/web_console/middleware.rb:18:in `call'
actionpack (5.0.5) lib/action_dispatch/middleware/show_exceptions.rb:31:in `call'
railties (5.0.5) lib/rails/rack/logger.rb:36:in `call_app'
railties (5.0.5) lib/rails/rack/logger.rb:24:in `block in call'
activesupport (5.0.5) lib/active_support/tagged_logging.rb:69:in `block in tagged'
activesupport (5.0.5) lib/active_support/tagged_logging.rb:26:in `tagged'
activesupport (5.0.5) lib/active_support/tagged_logging.rb:69:in `tagged'
railties (5.0.5) lib/rails/rack/logger.rb:24:in `call'
sprockets-rails (3.2.0) lib/sprockets/rails/quiet_assets.rb:13:in `call'
actionpack (5.0.5) lib/action_dispatch/middleware/request_id.rb:24:in `call'
rack (2.0.3) lib/rack/method_override.rb:22:in `call'
rack (2.0.3) lib/rack/runtime.rb:22:in `call'
activesupport (5.0.5) lib/active_support/cache/strategy/local_cache_middleware.rb:28:in `call'
actionpack (5.0.5) lib/action_dispatch/middleware/executor.rb:12:in `call'
actionpack (5.0.5) lib/action_dispatch/middleware/static.rb:136:in `call'
rack (2.0.3) lib/rack/sendfile.rb:111:in `call'
railties (5.0.5) lib/rails/engine.rb:522:in `call'
puma (3.9.1) lib/puma/configuration.rb:224:in `call'
puma (3.9.1) lib/puma/server.rb:602:in `handle_request'
puma (3.9.1) lib/puma/server.rb:435:in `process_client'
puma (3.9.1) lib/puma/server.rb:299:in `block in run'
puma (3.9.1) lib/puma/thread_pool.rb:120:in `block in spawn_thread'
  Rendering /Users/daruz14/.rbenv/versions/2.4.0/lib/ruby/gems/2.4.0/gems/actionpack-5.0.5/lib/action_dispatch/middleware/templates/rescues/routing_error.html.erb within rescues/layout
  Rendering /Users/daruz14/.rbenv/versions/2.4.0/lib/ruby/gems/2.4.0/gems/actionpack-5.0.5/lib/action_dispatch/middleware/templates/rescues/_trace.html.erb
  Rendered /Users/daruz14/.rbenv/versions/2.4.0/lib/ruby/gems/2.4.0/gems/actionpack-5.0.5/lib/action_dispatch/middleware/templates/rescues/_trace.html.erb (1.5ms)
  Rendered /Users/daruz14/.rbenv/versions/2.4.0/lib/ruby/gems/2.4.0/gems/actionpack-5.0.5/lib/action_dispatch/middleware/templates/routes/_table.html.erb (1.1ms)
  Rendering /Users/daruz14/.rbenv/versions/2.4.0/lib/ruby/gems/2.4.0/gems/actionpack-5.0.5/lib/action_dispatch/middleware/templates/rescues/_request_and_response.html.erb
  Rendered /Users/daruz14/.rbenv/versions/2.4.0/lib/ruby/gems/2.4.0/gems/actionpack-5.0.5/lib/action_dispatch/middleware/templates/rescues/_request_and_response.html.erb (1.3ms)
  Rendered /Users/daruz14/.rbenv/versions/2.4.0/lib/ruby/gems/2.4.0/gems/actionpack-5.0.5/lib/action_dispatch/middleware/templates/rescues/routing_error.html.erb within rescues/layout (71.6ms)
Started GET "/" for 127.0.0.1 at 2017-08-01 22:39:34 -0400
  
NoMethodError (undefined method `devise' for #<Class:0x007fcaf815ed50>):
  
app/models/user.rb:4:in `<class:User>'
app/models/user.rb:1:in `<top (required)>'
config/routes.rb:2:in `block in <top (required)>'
config/routes.rb:1:in `<top (required)>'
  Rendering /Users/daruz14/.rbenv/versions/2.4.0/lib/ruby/gems/2.4.0/gems/actionpack-5.0.5/lib/action_dispatch/middleware/templates/rescues/diagnostics.html.erb within rescues/layout
  Rendering /Users/daruz14/.rbenv/versions/2.4.0/lib/ruby/gems/2.4.0/gems/actionpack-5.0.5/lib/action_dispatch/middleware/templates/rescues/_source.html.erb
  Rendered /Users/daruz14/.rbenv/versions/2.4.0/lib/ruby/gems/2.4.0/gems/actionpack-5.0.5/lib/action_dispatch/middleware/templates/rescues/_source.html.erb (5.3ms)
  Rendering /Users/daruz14/.rbenv/versions/2.4.0/lib/ruby/gems/2.4.0/gems/actionpack-5.0.5/lib/action_dispatch/middleware/templates/rescues/_trace.html.erb
  Rendered /Users/daruz14/.rbenv/versions/2.4.0/lib/ruby/gems/2.4.0/gems/actionpack-5.0.5/lib/action_dispatch/middleware/templates/rescues/_trace.html.erb (3.1ms)
  Rendering /Users/daruz14/.rbenv/versions/2.4.0/lib/ruby/gems/2.4.0/gems/actionpack-5.0.5/lib/action_dispatch/middleware/templates/rescues/_request_and_response.html.erb
  Rendered /Users/daruz14/.rbenv/versions/2.4.0/lib/ruby/gems/2.4.0/gems/actionpack-5.0.5/lib/action_dispatch/middleware/templates/rescues/_request_and_response.html.erb (1.2ms)
  Rendered /Users/daruz14/.rbenv/versions/2.4.0/lib/ruby/gems/2.4.0/gems/actionpack-5.0.5/lib/action_dispatch/middleware/templates/rescues/diagnostics.html.erb within rescues/layout (84.8ms)
Started GET "/" for 127.0.0.1 at 2017-08-01 22:41:06 -0400
  
NoMethodError (undefined method `devise' for #<Class:0x007fcafa031b38>):
  
app/models/user.rb:4:in `<class:User>'
app/models/user.rb:1:in `<top (required)>'
config/routes.rb:2:in `block in <top (required)>'
config/routes.rb:1:in `<top (required)>'
  Rendering /Users/daruz14/.rbenv/versions/2.4.0/lib/ruby/gems/2.4.0/gems/actionpack-5.0.5/lib/action_dispatch/middleware/templates/rescues/diagnostics.html.erb within rescues/layout
  Rendering /Users/daruz14/.rbenv/versions/2.4.0/lib/ruby/gems/2.4.0/gems/actionpack-5.0.5/lib/action_dispatch/middleware/templates/rescues/_source.html.erb
  Rendered /Users/daruz14/.rbenv/versions/2.4.0/lib/ruby/gems/2.4.0/gems/actionpack-5.0.5/lib/action_dispatch/middleware/templates/rescues/_source.html.erb (5.8ms)
  Rendering /Users/daruz14/.rbenv/versions/2.4.0/lib/ruby/gems/2.4.0/gems/actionpack-5.0.5/lib/action_dispatch/middleware/templates/rescues/_trace.html.erb
  Rendered /Users/daruz14/.rbenv/versions/2.4.0/lib/ruby/gems/2.4.0/gems/actionpack-5.0.5/lib/action_dispatch/middleware/templates/rescues/_trace.html.erb (2.8ms)
  Rendering /Users/daruz14/.rbenv/versions/2.4.0/lib/ruby/gems/2.4.0/gems/actionpack-5.0.5/lib/action_dispatch/middleware/templates/rescues/_request_and_response.html.erb
  Rendered /Users/daruz14/.rbenv/versions/2.4.0/lib/ruby/gems/2.4.0/gems/actionpack-5.0.5/lib/action_dispatch/middleware/templates/rescues/_request_and_response.html.erb (6.0ms)
  Rendered /Users/daruz14/.rbenv/versions/2.4.0/lib/ruby/gems/2.4.0/gems/actionpack-5.0.5/lib/action_dispatch/middleware/templates/rescues/diagnostics.html.erb within rescues/layout (91.5ms)
  [1m[35m (0.3ms)[0m  [1m[34mSELECT pg_try_advisory_lock(7088171207506993485);[0m
  [1m[36mActiveRecord::SchemaMigration Load (0.5ms)[0m  [1m[34mSELECT "schema_migrations".* FROM "schema_migrations"[0m
  [1m[36mActiveRecord::InternalMetadata Load (0.4ms)[0m  [1m[34mSELECT  "ar_internal_metadata".* FROM "ar_internal_metadata" WHERE "ar_internal_metadata"."key" = $1 LIMIT $2[0m  [["key", "environment"], ["LIMIT", 1]]
  [1m[35m (0.2ms)[0m  [1m[35mBEGIN[0m
  [1m[35m (0.2ms)[0m  [1m[35mCOMMIT[0m
  [1m[35m (0.3ms)[0m  [1m[34mSELECT pg_advisory_unlock(7088171207506993485)[0m
  [1m[36mActiveRecord::SchemaMigration Load (0.2ms)[0m  [1m[34mSELECT "schema_migrations".* FROM "schema_migrations"[0m
Started GET "/" for 127.0.0.1 at 2017-08-01 22:41:25 -0400
  [1m[36mActiveRecord::SchemaMigration Load (0.5ms)[0m  [1m[34mSELECT "schema_migrations".* FROM "schema_migrations"[0m
Processing by UsersController#index as HTML
  Rendering users/index.html.erb within layouts/application
  [1m[36mUser Load (1.5ms)[0m  [1m[34mSELECT "users".* FROM "users"[0m
  Rendered users/index.html.erb within layouts/application (15.9ms)
Completed 200 OK in 260ms (Views: 241.7ms | ActiveRecord: 3.6ms)


Started GET "/users/new" for 127.0.0.1 at 2017-08-01 22:41:32 -0400
Processing by UsersController#new as HTML
  Rendering users/new.html.erb within layouts/application
  Rendered users/_form.html.erb (17.9ms)
  Rendered users/new.html.erb within layouts/application (19.8ms)
Completed 200 OK in 60ms (Views: 39.0ms | ActiveRecord: 6.2ms)


Started GET "/users" for 127.0.0.1 at 2017-08-01 22:41:33 -0400
Processing by UsersController#index as HTML
  Rendering users/index.html.erb within layouts/application
  [1m[36mUser Load (0.8ms)[0m  [1m[34mSELECT "users".* FROM "users"[0m
  Rendered users/index.html.erb within layouts/application (2.5ms)
Completed 200 OK in 35ms (Views: 27.2ms | ActiveRecord: 0.8ms)


Started GET "/users/new" for 127.0.0.1 at 2017-08-01 22:41:36 -0400
Processing by UsersController#new as HTML
  Rendering users/new.html.erb within layouts/application
  Rendered users/_form.html.erb (3.2ms)
  Rendered users/new.html.erb within layouts/application (5.5ms)
Completed 200 OK in 51ms (Views: 35.7ms | ActiveRecord: 0.0ms)


Started GET "/users" for 127.0.0.1 at 2017-08-01 22:41:38 -0400
Processing by UsersController#index as HTML
  Rendering users/index.html.erb within layouts/application
  [1m[36mUser Load (1.0ms)[0m  [1m[34mSELECT "users".* FROM "users"[0m
  Rendered users/index.html.erb within layouts/application (3.4ms)
Completed 200 OK in 37ms (Views: 29.8ms | ActiveRecord: 1.0ms)


Started GET "/users/new" for 127.0.0.1 at 2017-08-01 22:45:42 -0400
Processing by UsersController#new as HTML
  Rendering users/new.html.erb within layouts/application
  Rendered users/_form.html.erb (4.6ms)
  Rendered users/new.html.erb within layouts/application (7.3ms)
Completed 200 OK in 40ms (Views: 30.5ms | ActiveRecord: 0.0ms)


Started GET "/users" for 127.0.0.1 at 2017-08-01 22:45:43 -0400
Processing by UsersController#index as HTML
  Rendering users/index.html.erb within layouts/application
  [1m[36mUser Load (1.3ms)[0m  [1m[34mSELECT "users".* FROM "users"[0m
  Rendered users/index.html.erb within layouts/application (3.6ms)
Completed 200 OK in 31ms (Views: 26.3ms | ActiveRecord: 1.3ms)


Started GET "/users" for 127.0.0.1 at 2017-08-01 22:49:35 -0400
Processing by UsersController#index as HTML
  Rendering users/index.html.erb within layouts/application
  [1m[36mUser Load (0.4ms)[0m  [1m[34mSELECT "users".* FROM "users"[0m
  Rendered users/index.html.erb within layouts/application (1.9ms)
Completed 200 OK in 23ms (Views: 19.7ms | ActiveRecord: 0.4ms)


Started GET "/users/sign_up" for 127.0.0.1 at 2017-08-01 22:49:36 -0400
Processing by Devise::RegistrationsController#new as HTML
  Rendering /Users/daruz14/.rbenv/versions/2.4.0/lib/ruby/gems/2.4.0/gems/devise-4.2.1/app/views/devise/registrations/new.html.erb within layouts/application
  Rendered /Users/daruz14/.rbenv/versions/2.4.0/lib/ruby/gems/2.4.0/gems/devise-4.2.1/app/views/devise/shared/_links.html.erb (1.0ms)
  Rendered /Users/daruz14/.rbenv/versions/2.4.0/lib/ruby/gems/2.4.0/gems/devise-4.2.1/app/views/devise/registrations/new.html.erb within layouts/application (10.1ms)
Completed 200 OK in 40ms (Views: 34.9ms | ActiveRecord: 0.0ms)


Started POST "/users" for 127.0.0.1 at 2017-08-01 22:50:04 -0400
Processing by Devise::RegistrationsController#create as HTML
  Parameters: {"utf8"=>"✓", "authenticity_token"=>"V0IslqCB4gKfghLgCw43H71LXzJ0h2zi9BXg4KB622k2f7uwbWdssf9z3UJ1fiPZrLa7kKHxzAtw2ujbCgb5/w==", "user"=>{"email"=>"correo.prueba@preu.ing", "password"=>"[FILTERED]", "password_confirmation"=>"[FILTERED]"}, "commit"=>"Sign up"}
  [1m[35m (0.2ms)[0m  [1m[35mBEGIN[0m
  [1m[36mUser Exists (0.7ms)[0m  [1m[34mSELECT  1 AS one FROM "users" WHERE "users"."email" = $1 LIMIT $2[0m  [["email", "correo.prueba@preu.ing"], ["LIMIT", 1]]
  [1m[35mSQL (1.3ms)[0m  [1m[32mINSERT INTO "users" ("created_at", "updated_at", "email", "encrypted_password") VALUES ($1, $2, $3, $4) RETURNING "id"[0m  [["created_at", "2017-08-02 02:50:05.078731"], ["updated_at", "2017-08-02 02:50:05.078731"], ["email", "correo.prueba@preu.ing"], ["encrypted_password", "$2a$11$40ldHb8wyjMT/20oCLlKA.TjaRcyeKKbihXlLQCt1saRyTx5oFM7y"]]
  [1m[35m (0.7ms)[0m  [1m[35mCOMMIT[0m
  [1m[35m (0.2ms)[0m  [1m[35mBEGIN[0m
  [1m[35mSQL (1.1ms)[0m  [1m[33mUPDATE "users" SET "updated_at" = $1, "sign_in_count" = $2, "current_sign_in_at" = $3, "last_sign_in_at" = $4, "current_sign_in_ip" = $5, "last_sign_in_ip" = $6 WHERE "users"."id" = $7[0m  [["updated_at", "2017-08-02 02:50:05.084128"], ["sign_in_count", 1], ["current_sign_in_at", "2017-08-02 02:50:05.083203"], ["last_sign_in_at", "2017-08-02 02:50:05.083203"], ["current_sign_in_ip", "127.0.0.1/32"], ["last_sign_in_ip", "127.0.0.1/32"], ["id", 1]]
  [1m[35m (0.4ms)[0m  [1m[35mCOMMIT[0m
Redirected to http://localhost:3000/
Completed 302 Found in 183ms (ActiveRecord: 4.7ms)


Started GET "/" for 127.0.0.1 at 2017-08-01 22:50:05 -0400
Processing by UsersController#index as HTML
  Rendering users/index.html.erb within layouts/application
  [1m[36mUser Load (0.4ms)[0m  [1m[34mSELECT "users".* FROM "users"[0m
  Rendered users/index.html.erb within layouts/application (3.2ms)
Completed 200 OK in 26ms (Views: 23.4ms | ActiveRecord: 0.4ms)


Started GET "/" for 127.0.0.1 at 2017-08-01 22:50:21 -0400
Processing by UsersController#index as HTML
  Rendering users/index.html.erb within layouts/application
  [1m[36mUser Load (0.4ms)[0m  [1m[34mSELECT "users".* FROM "users"[0m
  Rendered users/index.html.erb within layouts/application (2.7ms)
Completed 200 OK in 27ms (Views: 21.7ms | ActiveRecord: 0.4ms)


Started DELETE "/users/1" for 127.0.0.1 at 2017-08-01 22:50:27 -0400
Processing by UsersController#destroy as HTML
  Parameters: {"authenticity_token"=>"nhxTiDNXAAiQbRh4GzpLI3Rfh9UXFjA+4+AR7O9KTW5wCDCvilLxXQx+2JhQ60n4yKpgDDeWsR/j97zHfbvq6g==", "id"=>"1"}
  [1m[36mUser Load (0.6ms)[0m  [1m[34mSELECT  "users".* FROM "users" WHERE "users"."id" = $1 LIMIT $2[0m  [["id", 1], ["LIMIT", 1]]
  [1m[35m (0.2ms)[0m  [1m[35mBEGIN[0m
  [1m[35mSQL (0.4ms)[0m  [1m[31mDELETE FROM "users" WHERE "users"."id" = $1[0m  [["id", 1]]
  [1m[35m (0.4ms)[0m  [1m[35mCOMMIT[0m
Redirected to http://localhost:3000/users
Completed 302 Found in 9ms (ActiveRecord: 1.9ms)


Started GET "/users" for 127.0.0.1 at 2017-08-01 22:50:27 -0400
Processing by UsersController#index as HTML
  Rendering users/index.html.erb within layouts/application
  [1m[36mUser Load (0.9ms)[0m  [1m[34mSELECT "users".* FROM "users"[0m
  Rendered users/index.html.erb within layouts/application (2.8ms)
Completed 200 OK in 22ms (Views: 19.2ms | ActiveRecord: 0.9ms)


Started GET "/users/sign_up" for 127.0.0.1 at 2017-08-01 22:50:29 -0400
Started GET "/users" for 127.0.0.1 at 2017-08-01 22:50:29 -0400
Processing by Devise::RegistrationsController#new as HTML
Processing by UsersController#index as HTML
  [1m[36mUser Load (2.3ms)[0m  [1m[34mSELECT  "users".* FROM "users" WHERE "users"."id" = $1 ORDER BY "users"."id" ASC LIMIT $2[0m  [["id", 1], ["LIMIT", 1]]
  Rendering users/index.html.erb within layouts/application
  Rendering /Users/daruz14/.rbenv/versions/2.4.0/lib/ruby/gems/2.4.0/gems/devise-4.2.1/app/views/devise/registrations/new.html.erb within layouts/application
  [1m[36mUser Load (0.4ms)[0m  [1m[34mSELECT "users".* FROM "users"[0m
  Rendered users/index.html.erb within layouts/application (6.9ms)
  Rendered /Users/daruz14/.rbenv/versions/2.4.0/lib/ruby/gems/2.4.0/gems/devise-4.2.1/app/views/devise/shared/_links.html.erb (0.8ms)
  Rendered /Users/daruz14/.rbenv/versions/2.4.0/lib/ruby/gems/2.4.0/gems/devise-4.2.1/app/views/devise/registrations/new.html.erb within layouts/application (10.1ms)
Completed 200 OK in 50ms (Views: 41.3ms | ActiveRecord: 2.3ms)


Completed 200 OK in 52ms (Views: 48.6ms | ActiveRecord: 0.4ms)


  [1m[35m (0.4ms)[0m  [1m[34mSELECT pg_try_advisory_lock(7088171207506993485);[0m
  [1m[36mActiveRecord::SchemaMigration Load (0.5ms)[0m  [1m[34mSELECT "schema_migrations".* FROM "schema_migrations"[0m
Migrating to CreateCourses (20170802025858)
  [1m[35m (0.2ms)[0m  [1m[35mBEGIN[0m
  [1m[35m (7.5ms)[0m  [1m[35mCREATE TABLE "courses" ("id" serial primary key, "name" character varying, "hour" integer, "teacher" character varying, "created_at" timestamp NOT NULL, "updated_at" timestamp NOT NULL)[0m
  [1m[35mSQL (2.4ms)[0m  [1m[32mINSERT INTO "schema_migrations" ("version") VALUES ($1) RETURNING "version"[0m  [["version", "20170802025858"]]
  [1m[35m (2.9ms)[0m  [1m[35mCOMMIT[0m
  [1m[36mActiveRecord::InternalMetadata Load (0.6ms)[0m  [1m[34mSELECT  "ar_internal_metadata".* FROM "ar_internal_metadata" WHERE "ar_internal_metadata"."key" = $1 LIMIT $2[0m  [["key", "environment"], ["LIMIT", 1]]
  [1m[35m (0.4ms)[0m  [1m[35mBEGIN[0m
  [1m[35m (0.2ms)[0m  [1m[35mCOMMIT[0m
  [1m[35m (0.2ms)[0m  [1m[34mSELECT pg_advisory_unlock(7088171207506993485)[0m
  [1m[36mActiveRecord::SchemaMigration Load (0.3ms)[0m  [1m[34mSELECT "schema_migrations".* FROM "schema_migrations"[0m
Started GET "/user" for 127.0.0.1 at 2017-08-01 22:59:48 -0400
  [1m[36mActiveRecord::SchemaMigration Load (0.4ms)[0m  [1m[34mSELECT "schema_migrations".* FROM "schema_migrations"[0m
  
ActionController::RoutingError (No route matches [GET] "/user"):
  
actionpack (5.0.5) lib/action_dispatch/middleware/debug_exceptions.rb:53:in `call'
web-console (3.5.1) lib/web_console/middleware.rb:135:in `call_app'
web-console (3.5.1) lib/web_console/middleware.rb:28:in `block in call'
web-console (3.5.1) lib/web_console/middleware.rb:18:in `catch'
web-console (3.5.1) lib/web_console/middleware.rb:18:in `call'
actionpack (5.0.5) lib/action_dispatch/middleware/show_exceptions.rb:31:in `call'
railties (5.0.5) lib/rails/rack/logger.rb:36:in `call_app'
railties (5.0.5) lib/rails/rack/logger.rb:24:in `block in call'
activesupport (5.0.5) lib/active_support/tagged_logging.rb:69:in `block in tagged'
activesupport (5.0.5) lib/active_support/tagged_logging.rb:26:in `tagged'
activesupport (5.0.5) lib/active_support/tagged_logging.rb:69:in `tagged'
railties (5.0.5) lib/rails/rack/logger.rb:24:in `call'
sprockets-rails (3.2.0) lib/sprockets/rails/quiet_assets.rb:13:in `call'
actionpack (5.0.5) lib/action_dispatch/middleware/request_id.rb:24:in `call'
rack (2.0.3) lib/rack/method_override.rb:22:in `call'
rack (2.0.3) lib/rack/runtime.rb:22:in `call'
activesupport (5.0.5) lib/active_support/cache/strategy/local_cache_middleware.rb:28:in `call'
actionpack (5.0.5) lib/action_dispatch/middleware/executor.rb:12:in `call'
actionpack (5.0.5) lib/action_dispatch/middleware/static.rb:136:in `call'
rack (2.0.3) lib/rack/sendfile.rb:111:in `call'
railties (5.0.5) lib/rails/engine.rb:522:in `call'
puma (3.9.1) lib/puma/configuration.rb:224:in `call'
puma (3.9.1) lib/puma/server.rb:602:in `handle_request'
puma (3.9.1) lib/puma/server.rb:435:in `process_client'
puma (3.9.1) lib/puma/server.rb:299:in `block in run'
puma (3.9.1) lib/puma/thread_pool.rb:120:in `block in spawn_thread'
  Rendering /Users/daruz14/.rbenv/versions/2.4.0/lib/ruby/gems/2.4.0/gems/actionpack-5.0.5/lib/action_dispatch/middleware/templates/rescues/routing_error.html.erb within rescues/layout
  Rendering /Users/daruz14/.rbenv/versions/2.4.0/lib/ruby/gems/2.4.0/gems/actionpack-5.0.5/lib/action_dispatch/middleware/templates/rescues/_trace.html.erb
  Rendered /Users/daruz14/.rbenv/versions/2.4.0/lib/ruby/gems/2.4.0/gems/actionpack-5.0.5/lib/action_dispatch/middleware/templates/rescues/_trace.html.erb (1.5ms)
  Rendered collection of /Users/daruz14/.rbenv/versions/2.4.0/lib/ruby/gems/2.4.0/gems/actionpack-5.0.5/lib/action_dispatch/middleware/templates/routes/_route.html.erb [32 times] (16.5ms)
  Rendered /Users/daruz14/.rbenv/versions/2.4.0/lib/ruby/gems/2.4.0/gems/actionpack-5.0.5/lib/action_dispatch/middleware/templates/routes/_table.html.erb (2.4ms)
  Rendering /Users/daruz14/.rbenv/versions/2.4.0/lib/ruby/gems/2.4.0/gems/actionpack-5.0.5/lib/action_dispatch/middleware/templates/rescues/_request_and_response.html.erb
  Rendered /Users/daruz14/.rbenv/versions/2.4.0/lib/ruby/gems/2.4.0/gems/actionpack-5.0.5/lib/action_dispatch/middleware/templates/rescues/_request_and_response.html.erb (1.4ms)
  Rendered /Users/daruz14/.rbenv/versions/2.4.0/lib/ruby/gems/2.4.0/gems/actionpack-5.0.5/lib/action_dispatch/middleware/templates/rescues/routing_error.html.erb within rescues/layout (113.1ms)
Started GET "/users/sign_out" for 127.0.0.1 at 2017-08-01 22:59:49 -0400
Processing by UsersController#show as HTML
  Parameters: {"id"=>"sign_out"}
  [1m[36mUser Load (0.3ms)[0m  [1m[34mSELECT  "users".* FROM "users" WHERE "users"."id" = $1 LIMIT $2[0m  [["id", 0], ["LIMIT", 1]]
Completed 404 Not Found in 6ms (ActiveRecord: 2.4ms)


  
ActiveRecord::RecordNotFound (Couldn't find User with 'id'=sign_out):
  
app/controllers/users_controller.rb:67:in `set_user'
  Rendering /Users/daruz14/.rbenv/versions/2.4.0/lib/ruby/gems/2.4.0/gems/actionpack-5.0.5/lib/action_dispatch/middleware/templates/rescues/diagnostics.html.erb within rescues/layout
  Rendering /Users/daruz14/.rbenv/versions/2.4.0/lib/ruby/gems/2.4.0/gems/actionpack-5.0.5/lib/action_dispatch/middleware/templates/rescues/_source.html.erb
  Rendered /Users/daruz14/.rbenv/versions/2.4.0/lib/ruby/gems/2.4.0/gems/actionpack-5.0.5/lib/action_dispatch/middleware/templates/rescues/_source.html.erb (13.2ms)
  Rendering /Users/daruz14/.rbenv/versions/2.4.0/lib/ruby/gems/2.4.0/gems/actionpack-5.0.5/lib/action_dispatch/middleware/templates/rescues/_trace.html.erb
  Rendered /Users/daruz14/.rbenv/versions/2.4.0/lib/ruby/gems/2.4.0/gems/actionpack-5.0.5/lib/action_dispatch/middleware/templates/rescues/_trace.html.erb (2.7ms)
  Rendering /Users/daruz14/.rbenv/versions/2.4.0/lib/ruby/gems/2.4.0/gems/actionpack-5.0.5/lib/action_dispatch/middleware/templates/rescues/_request_and_response.html.erb
  Rendered /Users/daruz14/.rbenv/versions/2.4.0/lib/ruby/gems/2.4.0/gems/actionpack-5.0.5/lib/action_dispatch/middleware/templates/rescues/_request_and_response.html.erb (1.7ms)
  Rendered /Users/daruz14/.rbenv/versions/2.4.0/lib/ruby/gems/2.4.0/gems/actionpack-5.0.5/lib/action_dispatch/middleware/templates/rescues/diagnostics.html.erb within rescues/layout (148.3ms)
Started GET "/" for 127.0.0.1 at 2017-08-01 22:59:49 -0400
Processing by UsersController#index as HTML
  Rendering users/index.html.erb within layouts/application
  [1m[36mUser Load (26.5ms)[0m  [1m[34mSELECT "users".* FROM "users"[0m
  Rendered users/index.html.erb within layouts/application (28.6ms)
Completed 200 OK in 348ms (Views: 318.3ms | ActiveRecord: 26.5ms)


Started GET "/courses" for 127.0.0.1 at 2017-08-01 22:59:52 -0400
Processing by CoursesController#index as HTML
  Rendering courses/index.html.erb within layouts/application
  [1m[36mCourse Load (0.8ms)[0m  [1m[34mSELECT "courses".* FROM "courses"[0m
  Rendered courses/index.html.erb within layouts/application (6.2ms)
Completed 200 OK in 39ms (Views: 28.3ms | ActiveRecord: 3.6ms)


  [1m[35m (0.3ms)[0m  [1m[34mSELECT pg_try_advisory_lock(7088171207506993485);[0m
  [1m[36mActiveRecord::SchemaMigration Load (0.5ms)[0m  [1m[34mSELECT "schema_migrations".* FROM "schema_migrations"[0m
Migrating to CreateUsersCourses (20170802030702)
  [1m[35m (0.2ms)[0m  [1m[35mBEGIN[0m
  [1m[35m (3.9ms)[0m  [1m[35mCREATE TABLE "users_courses" ("id" serial primary key, "created_at" timestamp NOT NULL, "updated_at" timestamp NOT NULL)[0m
  [1m[35mSQL (0.5ms)[0m  [1m[32mINSERT INTO "schema_migrations" ("version") VALUES ($1) RETURNING "version"[0m  [["version", "20170802030702"]]
  [1m[35m (1.1ms)[0m  [1m[35mCOMMIT[0m
  [1m[36mActiveRecord::InternalMetadata Load (0.6ms)[0m  [1m[34mSELECT  "ar_internal_metadata".* FROM "ar_internal_metadata" WHERE "ar_internal_metadata"."key" = $1 LIMIT $2[0m  [["key", "environment"], ["LIMIT", 1]]
  [1m[35m (0.2ms)[0m  [1m[35mBEGIN[0m
  [1m[35m (0.2ms)[0m  [1m[35mCOMMIT[0m
  [1m[35m (0.3ms)[0m  [1m[34mSELECT pg_advisory_unlock(7088171207506993485)[0m
  [1m[36mActiveRecord::SchemaMigration Load (0.3ms)[0m  [1m[34mSELECT "schema_migrations".* FROM "schema_migrations"[0m
  [1m[35m (0.2ms)[0m  [1m[34mSELECT pg_try_advisory_lock(7088171207506993485);[0m
  [1m[36mActiveRecord::SchemaMigration Load (0.6ms)[0m  [1m[34mSELECT "schema_migrations".* FROM "schema_migrations"[0m
Migrating to CreateAddUserRefToUsersCourses (20170802031359)
  [1m[35m (0.2ms)[0m  [1m[35mBEGIN[0m
  [1m[35m (7.1ms)[0m  [1m[35mCREATE TABLE "add_user_ref_to_users_courses" ("id" serial primary key, "user_id" integer, "created_at" timestamp NOT NULL, "updated_at" timestamp NOT NULL, CONSTRAINT "fk_rails_ba1c10e3b4"
FOREIGN KEY ("user_id")
  REFERENCES "users" ("id")
)[0m
  [1m[35m (1.4ms)[0m  [1m[35mCREATE  INDEX  "index_add_user_ref_to_users_courses_on_user_id" ON "add_user_ref_to_users_courses"  ("user_id")[0m
  [1m[35mSQL (0.7ms)[0m  [1m[32mINSERT INTO "schema_migrations" ("version") VALUES ($1) RETURNING "version"[0m  [["version", "20170802031359"]]
  [1m[35m (1.1ms)[0m  [1m[35mCOMMIT[0m
Migrating to CreateAddCourseRefToUsersCourses (20170802031425)
  [1m[35m (0.5ms)[0m  [1m[35mBEGIN[0m
  [1m[35m (3.4ms)[0m  [1m[35mCREATE TABLE "add_course_ref_to_users_courses" ("id" serial primary key, "course_id" integer, "created_at" timestamp NOT NULL, "updated_at" timestamp NOT NULL, CONSTRAINT "fk_rails_455085ff64"
FOREIGN KEY ("course_id")
  REFERENCES "courses" ("id")
)[0m
  [1m[35m (1.4ms)[0m  [1m[35mCREATE  INDEX  "index_add_course_ref_to_users_courses_on_course_id" ON "add_course_ref_to_users_courses"  ("course_id")[0m
  [1m[35mSQL (0.3ms)[0m  [1m[32mINSERT INTO "schema_migrations" ("version") VALUES ($1) RETURNING "version"[0m  [["version", "20170802031425"]]
  [1m[35m (0.5ms)[0m  [1m[35mCOMMIT[0m
  [1m[36mActiveRecord::InternalMetadata Load (0.4ms)[0m  [1m[34mSELECT  "ar_internal_metadata".* FROM "ar_internal_metadata" WHERE "ar_internal_metadata"."key" = $1 LIMIT $2[0m  [["key", "environment"], ["LIMIT", 1]]
  [1m[35m (0.2ms)[0m  [1m[35mBEGIN[0m
  [1m[35m (0.8ms)[0m  [1m[35mCOMMIT[0m
  [1m[35m (0.6ms)[0m  [1m[34mSELECT pg_advisory_unlock(7088171207506993485)[0m
  [1m[36mActiveRecord::SchemaMigration Load (0.5ms)[0m  [1m[34mSELECT "schema_migrations".* FROM "schema_migrations"[0m
  [1m[35m (0.5ms)[0m  [1m[34mSELECT pg_try_advisory_lock(7088171207506993485);[0m
  [1m[36mActiveRecord::SchemaMigration Load (0.8ms)[0m  [1m[34mSELECT "schema_migrations".* FROM "schema_migrations"[0m
  [1m[36mActiveRecord::InternalMetadata Load (0.5ms)[0m  [1m[34mSELECT  "ar_internal_metadata".* FROM "ar_internal_metadata" WHERE "ar_internal_metadata"."key" = $1 LIMIT $2[0m  [["key", "environment"], ["LIMIT", 1]]
  [1m[35m (0.3ms)[0m  [1m[35mBEGIN[0m
  [1m[35m (0.3ms)[0m  [1m[35mCOMMIT[0m
  [1m[35m (0.3ms)[0m  [1m[34mSELECT pg_advisory_unlock(7088171207506993485)[0m
  [1m[36mActiveRecord::SchemaMigration Load (0.3ms)[0m  [1m[34mSELECT "schema_migrations".* FROM "schema_migrations"[0m
  [1m[36mActiveRecord::SchemaMigration Load (0.6ms)[0m  [1m[34mSELECT "schema_migrations".* FROM "schema_migrations"[0m
  [1m[35m (0.5ms)[0m  [1m[34mSELECT "ar_internal_metadata"."value" FROM "ar_internal_metadata" WHERE "ar_internal_metadata"."key" = $1[0m  [["key", "environment"]]
  [1m[36mActiveRecord::SchemaMigration Load (0.3ms)[0m  [1m[34mSELECT "schema_migrations".* FROM "schema_migrations"[0m
  [1m[35m (0.3ms)[0m  [1m[34mSELECT "ar_internal_metadata"."value" FROM "ar_internal_metadata" WHERE "ar_internal_metadata"."key" = $1[0m  [["key", "environment"]]
  [1m[36mActiveRecord::SchemaMigration Load (0.3ms)[0m  [1m[34mSELECT "schema_migrations".* FROM "schema_migrations"[0m
  [1m[35m (0.3ms)[0m  [1m[34mSELECT "ar_internal_metadata"."value" FROM "ar_internal_metadata" WHERE "ar_internal_metadata"."key" = $1[0m  [["key", "environment"]]
  [1m[35m (126.3ms)[0m  [1m[35mDROP DATABASE IF EXISTS "preupag_development"[0m
  [1m[35m (118.8ms)[0m  [1m[35mDROP DATABASE IF EXISTS "preupag_test"[0m
  [1m[35m (353.5ms)[0m  [1m[35mCREATE DATABASE "preupag_development" ENCODING = 'unicode'[0m
  [1m[35m (271.0ms)[0m  [1m[35mCREATE DATABASE "preupag_test" ENCODING = 'unicode'[0m
  [1m[35mSQL (8.4ms)[0m  [1m[35mCREATE EXTENSION IF NOT EXISTS "plpgsql"[0m
  [1m[35m (8.7ms)[0m  [1m[35mCREATE TABLE "add_course_ref_to_users_courses" ("id" serial primary key, "course_id" integer, "created_at" timestamp NOT NULL, "updated_at" timestamp NOT NULL)[0m
  [1m[35m (2.0ms)[0m  [1m[35mCREATE  INDEX  "index_add_course_ref_to_users_courses_on_course_id" ON "add_course_ref_to_users_courses" USING btree ("course_id")[0m
  [1m[35m (5.0ms)[0m  [1m[35mCREATE TABLE "add_user_ref_to_users_courses" ("id" serial primary key, "user_id" integer, "created_at" timestamp NOT NULL, "updated_at" timestamp NOT NULL)[0m
  [1m[35m (1.3ms)[0m  [1m[35mCREATE  INDEX  "index_add_user_ref_to_users_courses_on_user_id" ON "add_user_ref_to_users_courses" USING btree ("user_id")[0m
  [1m[35m (8.5ms)[0m  [1m[35mCREATE TABLE "courses" ("id" serial primary key, "name" character varying, "hour" integer, "teacher" character varying, "created_at" timestamp NOT NULL, "updated_at" timestamp NOT NULL)[0m
  [1m[35m (6.2ms)[0m  [1m[35mCREATE TABLE "users" ("id" serial primary key, "name" character varying, "rol" integer, "created_at" timestamp NOT NULL, "updated_at" timestamp NOT NULL, "email" character varying DEFAULT '' NOT NULL, "encrypted_password" character varying DEFAULT '' NOT NULL, "reset_password_token" character varying, "reset_password_sent_at" timestamp, "remember_created_at" timestamp, "sign_in_count" integer DEFAULT 0 NOT NULL, "current_sign_in_at" timestamp, "last_sign_in_at" timestamp, "current_sign_in_ip" inet, "last_sign_in_ip" inet)[0m
  [1m[35m (1.6ms)[0m  [1m[35mCREATE UNIQUE INDEX  "index_users_on_email" ON "users" USING btree ("email")[0m
  [1m[35m (1.3ms)[0m  [1m[35mCREATE UNIQUE INDEX  "index_users_on_reset_password_token" ON "users" USING btree ("reset_password_token")[0m
  [1m[35m (6.5ms)[0m  [1m[35mCREATE TABLE "users_courses" ("id" serial primary key, "created_at" timestamp NOT NULL, "updated_at" timestamp NOT NULL)[0m
  [1m[35m (5.1ms)[0m  [1m[35mALTER TABLE "add_course_ref_to_users_courses" ADD CONSTRAINT "fk_rails_455085ff64"
FOREIGN KEY ("course_id")
  REFERENCES "courses" ("id")
[0m
  [1m[35m (2.8ms)[0m  [1m[35mALTER TABLE "add_user_ref_to_users_courses" ADD CONSTRAINT "fk_rails_ba1c10e3b4"
FOREIGN KEY ("user_id")
  REFERENCES "users" ("id")
[0m
  [1m[35m (6.2ms)[0m  [1m[35mCREATE TABLE "schema_migrations" ("version" character varying PRIMARY KEY)[0m
  [1m[35m (2.0ms)[0m  [1m[34mSELECT version FROM "schema_migrations"[0m
  [1m[35m (0.7ms)[0m  [1m[32mINSERT INTO "schema_migrations" (version) VALUES (20170802031425)[0m
  [1m[35m (0.6ms)[0m  [1m[32mINSERT INTO "schema_migrations" (version) VALUES
(20170802022724),
(20170802023556),
(20170802025858),
(20170802030702);

[0m
  [1m[35m (6.3ms)[0m  [1m[35mCREATE TABLE "ar_internal_metadata" ("key" character varying PRIMARY KEY, "value" character varying, "created_at" timestamp NOT NULL, "updated_at" timestamp NOT NULL)[0m
  [1m[36mActiveRecord::InternalMetadata Load (0.5ms)[0m  [1m[34mSELECT  "ar_internal_metadata".* FROM "ar_internal_metadata" WHERE "ar_internal_metadata"."key" = $1 LIMIT $2[0m  [["key", "environment"], ["LIMIT", 1]]
  [1m[35m (0.2ms)[0m  [1m[35mBEGIN[0m
  [1m[35mSQL (0.5ms)[0m  [1m[32mINSERT INTO "ar_internal_metadata" ("key", "value", "created_at", "updated_at") VALUES ($1, $2, $3, $4) RETURNING "key"[0m  [["key", "environment"], ["value", "development"], ["created_at", "2017-08-02 03:24:24.579368"], ["updated_at", "2017-08-02 03:24:24.579368"]]
  [1m[35m (1.0ms)[0m  [1m[35mCOMMIT[0m
  [1m[36mActiveRecord::InternalMetadata Load (0.4ms)[0m  [1m[34mSELECT  "ar_internal_metadata".* FROM "ar_internal_metadata" WHERE "ar_internal_metadata"."key" = $1 LIMIT $2[0m  [["key", "environment"], ["LIMIT", 1]]
  [1m[35m (0.2ms)[0m  [1m[35mBEGIN[0m
  [1m[35m (3.1ms)[0m  [1m[35mCOMMIT[0m
  [1m[35mSQL (0.6ms)[0m  [1m[35mCREATE EXTENSION IF NOT EXISTS "plpgsql"[0m
  [1m[35m (8.6ms)[0m  [1m[35mCREATE TABLE "add_course_ref_to_users_courses" ("id" serial primary key, "course_id" integer, "created_at" timestamp NOT NULL, "updated_at" timestamp NOT NULL)[0m
  [1m[35m (1.9ms)[0m  [1m[35mCREATE  INDEX  "index_add_course_ref_to_users_courses_on_course_id" ON "add_course_ref_to_users_courses" USING btree ("course_id")[0m
  [1m[35m (4.5ms)[0m  [1m[35mCREATE TABLE "add_user_ref_to_users_courses" ("id" serial primary key, "user_id" integer, "created_at" timestamp NOT NULL, "updated_at" timestamp NOT NULL)[0m
  [1m[35m (1.1ms)[0m  [1m[35mCREATE  INDEX  "index_add_user_ref_to_users_courses_on_user_id" ON "add_user_ref_to_users_courses" USING btree ("user_id")[0m
  [1m[35m (8.2ms)[0m  [1m[35mCREATE TABLE "courses" ("id" serial primary key, "name" character varying, "hour" integer, "teacher" character varying, "created_at" timestamp NOT NULL, "updated_at" timestamp NOT NULL)[0m
  [1m[35m (6.3ms)[0m  [1m[35mCREATE TABLE "users" ("id" serial primary key, "name" character varying, "rol" integer, "created_at" timestamp NOT NULL, "updated_at" timestamp NOT NULL, "email" character varying DEFAULT '' NOT NULL, "encrypted_password" character varying DEFAULT '' NOT NULL, "reset_password_token" character varying, "reset_password_sent_at" timestamp, "remember_created_at" timestamp, "sign_in_count" integer DEFAULT 0 NOT NULL, "current_sign_in_at" timestamp, "last_sign_in_at" timestamp, "current_sign_in_ip" inet, "last_sign_in_ip" inet)[0m
  [1m[35m (3.5ms)[0m  [1m[35mCREATE UNIQUE INDEX  "index_users_on_email" ON "users" USING btree ("email")[0m
  [1m[35m (1.2ms)[0m  [1m[35mCREATE UNIQUE INDEX  "index_users_on_reset_password_token" ON "users" USING btree ("reset_password_token")[0m
  [1m[35m (5.7ms)[0m  [1m[35mCREATE TABLE "users_courses" ("id" serial primary key, "created_at" timestamp NOT NULL, "updated_at" timestamp NOT NULL)[0m
  [1m[35m (3.1ms)[0m  [1m[35mALTER TABLE "add_course_ref_to_users_courses" ADD CONSTRAINT "fk_rails_455085ff64"
FOREIGN KEY ("course_id")
  REFERENCES "courses" ("id")
[0m
  [1m[35m (1.9ms)[0m  [1m[35mALTER TABLE "add_user_ref_to_users_courses" ADD CONSTRAINT "fk_rails_ba1c10e3b4"
FOREIGN KEY ("user_id")
  REFERENCES "users" ("id")
[0m
  [1m[35m (3.0ms)[0m  [1m[35mCREATE TABLE "schema_migrations" ("version" character varying PRIMARY KEY)[0m
  [1m[35m (0.6ms)[0m  [1m[34mSELECT version FROM "schema_migrations"[0m
  [1m[35m (0.9ms)[0m  [1m[32mINSERT INTO "schema_migrations" (version) VALUES (20170802031425)[0m
  [1m[35m (0.7ms)[0m  [1m[32mINSERT INTO "schema_migrations" (version) VALUES
(20170802022724),
(20170802023556),
(20170802025858),
(20170802030702);

[0m
  [1m[35m (9.0ms)[0m  [1m[35mCREATE TABLE "ar_internal_metadata" ("key" character varying PRIMARY KEY, "value" character varying, "created_at" timestamp NOT NULL, "updated_at" timestamp NOT NULL)[0m
  [1m[36mActiveRecord::InternalMetadata Load (1.5ms)[0m  [1m[34mSELECT  "ar_internal_metadata".* FROM "ar_internal_metadata" WHERE "ar_internal_metadata"."key" = $1 LIMIT $2[0m  [["key", "environment"], ["LIMIT", 1]]
  [1m[35m (2.0ms)[0m  [1m[35mBEGIN[0m
  [1m[35mSQL (0.9ms)[0m  [1m[32mINSERT INTO "ar_internal_metadata" ("key", "value", "created_at", "updated_at") VALUES ($1, $2, $3, $4) RETURNING "key"[0m  [["key", "environment"], ["value", "development"], ["created_at", "2017-08-02 03:24:24.735202"], ["updated_at", "2017-08-02 03:24:24.735202"]]
  [1m[35m (0.4ms)[0m  [1m[35mCOMMIT[0m
  [1m[36mActiveRecord::InternalMetadata Load (0.5ms)[0m  [1m[34mSELECT  "ar_internal_metadata".* FROM "ar_internal_metadata" WHERE "ar_internal_metadata"."key" = $1 LIMIT $2[0m  [["key", "environment"], ["LIMIT", 1]]
  [1m[35m (0.2ms)[0m  [1m[35mBEGIN[0m
  [1m[35m (0.5ms)[0m  [1m[35mCOMMIT[0m
  [1m[36mActiveRecord::SchemaMigration Load (0.6ms)[0m  [1m[34mSELECT "schema_migrations".* FROM "schema_migrations"[0m
  [1m[35m (0.9ms)[0m  [1m[34mSELECT pg_try_advisory_lock(7088171207506993485);[0m
  [1m[36mActiveRecord::SchemaMigration Load (0.5ms)[0m  [1m[34mSELECT "schema_migrations".* FROM "schema_migrations"[0m
Migrating to AddUserRefToUsersCourse (20170802032358)
  [1m[35m (0.2ms)[0m  [1m[35mBEGIN[0m
  [1m[35m (0.8ms)[0m  [1m[35mALTER TABLE "users_courses" ADD "user_id" integer[0m
  [1m[35m (1.7ms)[0m  [1m[35mCREATE  INDEX  "index_users_courses_on_user_id" ON "users_courses"  ("user_id")[0m
  [1m[35m (1.7ms)[0m  [1m[35mALTER TABLE "users_courses" ADD CONSTRAINT "fk_rails_b199819b75"
FOREIGN KEY ("user_id")
  REFERENCES "users" ("id")
[0m
  [1m[35mSQL (0.7ms)[0m  [1m[32mINSERT INTO "schema_migrations" ("version") VALUES ($1) RETURNING "version"[0m  [["version", "20170802032358"]]
  [1m[35m (1.3ms)[0m  [1m[35mCOMMIT[0m
Migrating to AddCourseRefToUsersCourse (20170802032412)
  [1m[35m (0.4ms)[0m  [1m[35mBEGIN[0m
  [1m[35m (0.7ms)[0m  [1m[35mALTER TABLE "users_courses" ADD "course_id" integer[0m
  [1m[35m (1.1ms)[0m  [1m[35mCREATE  INDEX  "index_users_courses_on_course_id" ON "users_courses"  ("course_id")[0m
  [1m[35m (1.5ms)[0m  [1m[35mALTER TABLE "users_courses" ADD CONSTRAINT "fk_rails_a811f1982b"
FOREIGN KEY ("course_id")
  REFERENCES "courses" ("id")
[0m
  [1m[35mSQL (0.3ms)[0m  [1m[32mINSERT INTO "schema_migrations" ("version") VALUES ($1) RETURNING "version"[0m  [["version", "20170802032412"]]
  [1m[35m (0.4ms)[0m  [1m[35mCOMMIT[0m
  [1m[36mActiveRecord::InternalMetadata Load (0.6ms)[0m  [1m[34mSELECT  "ar_internal_metadata".* FROM "ar_internal_metadata" WHERE "ar_internal_metadata"."key" = $1 LIMIT $2[0m  [["key", "environment"], ["LIMIT", 1]]
  [1m[35m (0.2ms)[0m  [1m[35mBEGIN[0m
  [1m[35m (0.3ms)[0m  [1m[35mCOMMIT[0m
  [1m[35m (0.5ms)[0m  [1m[34mSELECT pg_advisory_unlock(7088171207506993485)[0m
  [1m[36mActiveRecord::SchemaMigration Load (0.6ms)[0m  [1m[34mSELECT "schema_migrations".* FROM "schema_migrations"[0m
  [1m[36mActiveRecord::SchemaMigration Load (0.6ms)[0m  [1m[34mSELECT "schema_migrations".* FROM "schema_migrations"[0m
  [1m[35m (0.4ms)[0m  [1m[34mSELECT "ar_internal_metadata"."value" FROM "ar_internal_metadata" WHERE "ar_internal_metadata"."key" = $1[0m  [["key", "environment"]]
  [1m[36mActiveRecord::SchemaMigration Load (0.2ms)[0m  [1m[34mSELECT "schema_migrations".* FROM "schema_migrations"[0m
  [1m[35m (0.2ms)[0m  [1m[34mSELECT "ar_internal_metadata"."value" FROM "ar_internal_metadata" WHERE "ar_internal_metadata"."key" = $1[0m  [["key", "environment"]]
  [1m[36mActiveRecord::SchemaMigration Load (0.3ms)[0m  [1m[34mSELECT "schema_migrations".* FROM "schema_migrations"[0m
  [1m[35m (0.4ms)[0m  [1m[34mSELECT "ar_internal_metadata"."value" FROM "ar_internal_metadata" WHERE "ar_internal_metadata"."key" = $1[0m  [["key", "environment"]]
  [1m[35m (118.0ms)[0m  [1m[35mDROP DATABASE IF EXISTS "preupag_development"[0m
  [1m[35m (123.7ms)[0m  [1m[35mDROP DATABASE IF EXISTS "preupag_test"[0m
  [1m[35m (254.0ms)[0m  [1m[35mCREATE DATABASE "preupag_development" ENCODING = 'unicode'[0m
  [1m[35m (263.5ms)[0m  [1m[35mCREATE DATABASE "preupag_test" ENCODING = 'unicode'[0m
  [1m[35mSQL (1.8ms)[0m  [1m[35mCREATE EXTENSION IF NOT EXISTS "plpgsql"[0m
  [1m[35m (32.8ms)[0m  [1m[35mCREATE TABLE "add_course_ref_to_users_courses" ("id" serial primary key, "course_id" integer, "created_at" timestamp NOT NULL, "updated_at" timestamp NOT NULL)[0m
  [1m[35m (0.9ms)[0m  [1m[35mCREATE  INDEX  "index_add_course_ref_to_users_courses_on_course_id" ON "add_course_ref_to_users_courses" USING btree ("course_id")[0m
  [1m[35m (2.7ms)[0m  [1m[35mCREATE TABLE "add_user_ref_to_users_courses" ("id" serial primary key, "user_id" integer, "created_at" timestamp NOT NULL, "updated_at" timestamp NOT NULL)[0m
  [1m[35m (2.6ms)[0m  [1m[35mCREATE  INDEX  "index_add_user_ref_to_users_courses_on_user_id" ON "add_user_ref_to_users_courses" USING btree ("user_id")[0m
  [1m[35m (6.3ms)[0m  [1m[35mCREATE TABLE "courses" ("id" serial primary key, "name" character varying, "hour" integer, "teacher" character varying, "created_at" timestamp NOT NULL, "updated_at" timestamp NOT NULL)[0m
  [1m[35m (14.1ms)[0m  [1m[35mCREATE TABLE "users" ("id" serial primary key, "name" character varying, "rol" integer, "created_at" timestamp NOT NULL, "updated_at" timestamp NOT NULL, "email" character varying DEFAULT '' NOT NULL, "encrypted_password" character varying DEFAULT '' NOT NULL, "reset_password_token" character varying, "reset_password_sent_at" timestamp, "remember_created_at" timestamp, "sign_in_count" integer DEFAULT 0 NOT NULL, "current_sign_in_at" timestamp, "last_sign_in_at" timestamp, "current_sign_in_ip" inet, "last_sign_in_ip" inet)[0m
  [1m[35m (2.1ms)[0m  [1m[35mCREATE UNIQUE INDEX  "index_users_on_email" ON "users" USING btree ("email")[0m
  [1m[35m (2.3ms)[0m  [1m[35mCREATE UNIQUE INDEX  "index_users_on_reset_password_token" ON "users" USING btree ("reset_password_token")[0m
  [1m[35m (3.3ms)[0m  [1m[35mCREATE TABLE "users_courses" ("id" serial primary key, "created_at" timestamp NOT NULL, "updated_at" timestamp NOT NULL, "user_id" integer, "course_id" integer)[0m
  [1m[35m (2.3ms)[0m  [1m[35mCREATE  INDEX  "index_users_courses_on_course_id" ON "users_courses" USING btree ("course_id")[0m
  [1m[35m (1.5ms)[0m  [1m[35mCREATE  INDEX  "index_users_courses_on_user_id" ON "users_courses" USING btree ("user_id")[0m
  [1m[35m (2.3ms)[0m  [1m[35mALTER TABLE "add_course_ref_to_users_courses" ADD CONSTRAINT "fk_rails_455085ff64"
FOREIGN KEY ("course_id")
  REFERENCES "courses" ("id")
[0m
  [1m[35m (4.4ms)[0m  [1m[35mALTER TABLE "add_user_ref_to_users_courses" ADD CONSTRAINT "fk_rails_ba1c10e3b4"
FOREIGN KEY ("user_id")
  REFERENCES "users" ("id")
[0m
  [1m[35m (5.6ms)[0m  [1m[35mALTER TABLE "users_courses" ADD CONSTRAINT "fk_rails_a811f1982b"
FOREIGN KEY ("course_id")
  REFERENCES "courses" ("id")
[0m
  [1m[35m (4.1ms)[0m  [1m[35mALTER TABLE "users_courses" ADD CONSTRAINT "fk_rails_b199819b75"
FOREIGN KEY ("user_id")
  REFERENCES "users" ("id")
[0m
  [1m[35m (9.0ms)[0m  [1m[35mCREATE TABLE "schema_migrations" ("version" character varying PRIMARY KEY)[0m
  [1m[35m (1.2ms)[0m  [1m[34mSELECT version FROM "schema_migrations"[0m
  [1m[35m (1.8ms)[0m  [1m[32mINSERT INTO "schema_migrations" (version) VALUES (20170802032412)[0m
  [1m[35m (6.9ms)[0m  [1m[32mINSERT INTO "schema_migrations" (version) VALUES
(20170802022724),
(20170802023556),
(20170802025858),
(20170802030702),
(20170802032358);

[0m
  [1m[35m (9.3ms)[0m  [1m[35mCREATE TABLE "ar_internal_metadata" ("key" character varying PRIMARY KEY, "value" character varying, "created_at" timestamp NOT NULL, "updated_at" timestamp NOT NULL)[0m
  [1m[36mActiveRecord::InternalMetadata Load (0.5ms)[0m  [1m[34mSELECT  "ar_internal_metadata".* FROM "ar_internal_metadata" WHERE "ar_internal_metadata"."key" = $1 LIMIT $2[0m  [["key", "environment"], ["LIMIT", 1]]
  [1m[35m (0.6ms)[0m  [1m[35mBEGIN[0m
  [1m[35mSQL (1.0ms)[0m  [1m[32mINSERT INTO "ar_internal_metadata" ("key", "value", "created_at", "updated_at") VALUES ($1, $2, $3, $4) RETURNING "key"[0m  [["key", "environment"], ["value", "development"], ["created_at", "2017-08-02 03:24:52.492960"], ["updated_at", "2017-08-02 03:24:52.492960"]]
  [1m[35m (1.2ms)[0m  [1m[35mCOMMIT[0m
  [1m[36mActiveRecord::InternalMetadata Load (0.4ms)[0m  [1m[34mSELECT  "ar_internal_metadata".* FROM "ar_internal_metadata" WHERE "ar_internal_metadata"."key" = $1 LIMIT $2[0m  [["key", "environment"], ["LIMIT", 1]]
  [1m[35m (0.2ms)[0m  [1m[35mBEGIN[0m
  [1m[35m (0.3ms)[0m  [1m[35mCOMMIT[0m
  [1m[35mSQL (1.0ms)[0m  [1m[35mCREATE EXTENSION IF NOT EXISTS "plpgsql"[0m
  [1m[35m (6.0ms)[0m  [1m[35mCREATE TABLE "add_course_ref_to_users_courses" ("id" serial primary key, "course_id" integer, "created_at" timestamp NOT NULL, "updated_at" timestamp NOT NULL)[0m
  [1m[35m (3.0ms)[0m  [1m[35mCREATE  INDEX  "index_add_course_ref_to_users_courses_on_course_id" ON "add_course_ref_to_users_courses" USING btree ("course_id")[0m
  [1m[35m (4.5ms)[0m  [1m[35mCREATE TABLE "add_user_ref_to_users_courses" ("id" serial primary key, "user_id" integer, "created_at" timestamp NOT NULL, "updated_at" timestamp NOT NULL)[0m
  [1m[35m (1.9ms)[0m  [1m[35mCREATE  INDEX  "index_add_user_ref_to_users_courses_on_user_id" ON "add_user_ref_to_users_courses" USING btree ("user_id")[0m
  [1m[35m (6.7ms)[0m  [1m[35mCREATE TABLE "courses" ("id" serial primary key, "name" character varying, "hour" integer, "teacher" character varying, "created_at" timestamp NOT NULL, "updated_at" timestamp NOT NULL)[0m
  [1m[35m (6.0ms)[0m  [1m[35mCREATE TABLE "users" ("id" serial primary key, "name" character varying, "rol" integer, "created_at" timestamp NOT NULL, "updated_at" timestamp NOT NULL, "email" character varying DEFAULT '' NOT NULL, "encrypted_password" character varying DEFAULT '' NOT NULL, "reset_password_token" character varying, "reset_password_sent_at" timestamp, "remember_created_at" timestamp, "sign_in_count" integer DEFAULT 0 NOT NULL, "current_sign_in_at" timestamp, "last_sign_in_at" timestamp, "current_sign_in_ip" inet, "last_sign_in_ip" inet)[0m
  [1m[35m (1.7ms)[0m  [1m[35mCREATE UNIQUE INDEX  "index_users_on_email" ON "users" USING btree ("email")[0m
  [1m[35m (2.0ms)[0m  [1m[35mCREATE UNIQUE INDEX  "index_users_on_reset_password_token" ON "users" USING btree ("reset_password_token")[0m
  [1m[35m (6.0ms)[0m  [1m[35mCREATE TABLE "users_courses" ("id" serial primary key, "created_at" timestamp NOT NULL, "updated_at" timestamp NOT NULL, "user_id" integer, "course_id" integer)[0m
  [1m[35m (1.3ms)[0m  [1m[35mCREATE  INDEX  "index_users_courses_on_course_id" ON "users_courses" USING btree ("course_id")[0m
  [1m[35m (4.5ms)[0m  [1m[35mCREATE  INDEX  "index_users_courses_on_user_id" ON "users_courses" USING btree ("user_id")[0m
  [1m[35m (3.5ms)[0m  [1m[35mALTER TABLE "add_course_ref_to_users_courses" ADD CONSTRAINT "fk_rails_455085ff64"
FOREIGN KEY ("course_id")
  REFERENCES "courses" ("id")
[0m
  [1m[35m (2.4ms)[0m  [1m[35mALTER TABLE "add_user_ref_to_users_courses" ADD CONSTRAINT "fk_rails_ba1c10e3b4"
FOREIGN KEY ("user_id")
  REFERENCES "users" ("id")
[0m
  [1m[35m (1.8ms)[0m  [1m[35mALTER TABLE "users_courses" ADD CONSTRAINT "fk_rails_a811f1982b"
FOREIGN KEY ("course_id")
  REFERENCES "courses" ("id")
[0m
  [1m[35m (1.7ms)[0m  [1m[35mALTER TABLE "users_courses" ADD CONSTRAINT "fk_rails_b199819b75"
FOREIGN KEY ("user_id")
  REFERENCES "users" ("id")
[0m
  [1m[35m (8.2ms)[0m  [1m[35mCREATE TABLE "schema_migrations" ("version" character varying PRIMARY KEY)[0m
  [1m[35m (0.6ms)[0m  [1m[34mSELECT version FROM "schema_migrations"[0m
  [1m[35m (4.6ms)[0m  [1m[32mINSERT INTO "schema_migrations" (version) VALUES (20170802032412)[0m
  [1m[35m (4.5ms)[0m  [1m[32mINSERT INTO "schema_migrations" (version) VALUES
(20170802022724),
(20170802023556),
(20170802025858),
(20170802030702),
(20170802032358);

[0m
  [1m[35m (7.3ms)[0m  [1m[35mCREATE TABLE "ar_internal_metadata" ("key" character varying PRIMARY KEY, "value" character varying, "created_at" timestamp NOT NULL, "updated_at" timestamp NOT NULL)[0m
  [1m[36mActiveRecord::InternalMetadata Load (0.5ms)[0m  [1m[34mSELECT  "ar_internal_metadata".* FROM "ar_internal_metadata" WHERE "ar_internal_metadata"."key" = $1 LIMIT $2[0m  [["key", "environment"], ["LIMIT", 1]]
  [1m[35m (0.3ms)[0m  [1m[35mBEGIN[0m
  [1m[35mSQL (0.8ms)[0m  [1m[32mINSERT INTO "ar_internal_metadata" ("key", "value", "created_at", "updated_at") VALUES ($1, $2, $3, $4) RETURNING "key"[0m  [["key", "environment"], ["value", "development"], ["created_at", "2017-08-02 03:24:52.695557"], ["updated_at", "2017-08-02 03:24:52.695557"]]
  [1m[35m (0.5ms)[0m  [1m[35mCOMMIT[0m
  [1m[36mActiveRecord::InternalMetadata Load (0.4ms)[0m  [1m[34mSELECT  "ar_internal_metadata".* FROM "ar_internal_metadata" WHERE "ar_internal_metadata"."key" = $1 LIMIT $2[0m  [["key", "environment"], ["LIMIT", 1]]
  [1m[35m (0.2ms)[0m  [1m[35mBEGIN[0m
  [1m[35m (0.2ms)[0m  [1m[35mCOMMIT[0m
  [1m[36mActiveRecord::SchemaMigration Load (0.6ms)[0m  [1m[34mSELECT "schema_migrations".* FROM "schema_migrations"[0m
  [1m[36mActiveRecord::SchemaMigration Load (0.4ms)[0m  [1m[34mSELECT "schema_migrations".* FROM "schema_migrations"[0m
  [1m[35m (0.3ms)[0m  [1m[34mSELECT "ar_internal_metadata"."value" FROM "ar_internal_metadata" WHERE "ar_internal_metadata"."key" = $1[0m  [["key", "environment"]]
  [1m[36mActiveRecord::SchemaMigration Load (0.2ms)[0m  [1m[34mSELECT "schema_migrations".* FROM "schema_migrations"[0m
  [1m[35m (0.2ms)[0m  [1m[34mSELECT "ar_internal_metadata"."value" FROM "ar_internal_metadata" WHERE "ar_internal_metadata"."key" = $1[0m  [["key", "environment"]]
  [1m[36mActiveRecord::SchemaMigration Load (0.3ms)[0m  [1m[34mSELECT "schema_migrations".* FROM "schema_migrations"[0m
  [1m[35m (0.5ms)[0m  [1m[34mSELECT "ar_internal_metadata"."value" FROM "ar_internal_metadata" WHERE "ar_internal_metadata"."key" = $1[0m  [["key", "environment"]]
  [1m[35m (122.8ms)[0m  [1m[35mDROP DATABASE IF EXISTS "preupag_development"[0m
  [1m[35m (117.1ms)[0m  [1m[35mDROP DATABASE IF EXISTS "preupag_test"[0m
  [1m[35m (250.0ms)[0m  [1m[35mCREATE DATABASE "preupag_development" ENCODING = 'unicode'[0m
  [1m[35m (252.8ms)[0m  [1m[35mCREATE DATABASE "preupag_test" ENCODING = 'unicode'[0m
  [1m[35mSQL (0.6ms)[0m  [1m[35mCREATE EXTENSION IF NOT EXISTS "plpgsql"[0m
  [1m[35m (4.7ms)[0m  [1m[35mCREATE TABLE "courses" ("id" serial primary key, "name" character varying, "hour" integer, "teacher" character varying, "created_at" timestamp NOT NULL, "updated_at" timestamp NOT NULL)[0m
  [1m[35m (7.5ms)[0m  [1m[35mCREATE TABLE "users" ("id" serial primary key, "name" character varying, "rol" integer, "created_at" timestamp NOT NULL, "updated_at" timestamp NOT NULL, "email" character varying DEFAULT '' NOT NULL, "encrypted_password" character varying DEFAULT '' NOT NULL, "reset_password_token" character varying, "reset_password_sent_at" timestamp, "remember_created_at" timestamp, "sign_in_count" integer DEFAULT 0 NOT NULL, "current_sign_in_at" timestamp, "last_sign_in_at" timestamp, "current_sign_in_ip" inet, "last_sign_in_ip" inet)[0m
  [1m[35m (3.8ms)[0m  [1m[35mCREATE UNIQUE INDEX  "index_users_on_email" ON "users" USING btree ("email")[0m
  [1m[35m (1.2ms)[0m  [1m[35mCREATE UNIQUE INDEX  "index_users_on_reset_password_token" ON "users" USING btree ("reset_password_token")[0m
  [1m[35m (5.4ms)[0m  [1m[35mCREATE TABLE "users_courses" ("id" serial primary key, "created_at" timestamp NOT NULL, "updated_at" timestamp NOT NULL, "user_id" integer, "course_id" integer)[0m
  [1m[35m (1.0ms)[0m  [1m[35mCREATE  INDEX  "index_users_courses_on_course_id" ON "users_courses" USING btree ("course_id")[0m
  [1m[35m (1.0ms)[0m  [1m[35mCREATE  INDEX  "index_users_courses_on_user_id" ON "users_courses" USING btree ("user_id")[0m
  [1m[35m (1.0ms)[0m  [1m[35mALTER TABLE "add_course_ref_to_users_courses" ADD CONSTRAINT "fk_rails_455085ff64"
FOREIGN KEY ("course_id")
  REFERENCES "courses" ("id")
[0m
  [1m[35mSQL (0.5ms)[0m  [1m[35mCREATE EXTENSION IF NOT EXISTS "plpgsql"[0m
  [1m[35m (8.0ms)[0m  [1m[35mDROP TABLE "courses" CASCADE[0m
  [1m[35m (6.6ms)[0m  [1m[35mCREATE TABLE "courses" ("id" serial primary key, "name" character varying, "hour" integer, "teacher" character varying, "created_at" timestamp NOT NULL, "updated_at" timestamp NOT NULL)[0m
  [1m[35m (2.2ms)[0m  [1m[35mDROP TABLE "users" CASCADE[0m
  [1m[35m (19.6ms)[0m  [1m[35mCREATE TABLE "users" ("id" serial primary key, "name" character varying, "rol" integer, "created_at" timestamp NOT NULL, "updated_at" timestamp NOT NULL, "email" character varying DEFAULT '' NOT NULL, "encrypted_password" character varying DEFAULT '' NOT NULL, "reset_password_token" character varying, "reset_password_sent_at" timestamp, "remember_created_at" timestamp, "sign_in_count" integer DEFAULT 0 NOT NULL, "current_sign_in_at" timestamp, "last_sign_in_at" timestamp, "current_sign_in_ip" inet, "last_sign_in_ip" inet)[0m
  [1m[35m (2.2ms)[0m  [1m[35mCREATE UNIQUE INDEX  "index_users_on_email" ON "users" USING btree ("email")[0m
  [1m[35m (1.6ms)[0m  [1m[35mCREATE UNIQUE INDEX  "index_users_on_reset_password_token" ON "users" USING btree ("reset_password_token")[0m
  [1m[35m (2.0ms)[0m  [1m[35mDROP TABLE "users_courses" CASCADE[0m
  [1m[35m (5.1ms)[0m  [1m[35mCREATE TABLE "users_courses" ("id" serial primary key, "created_at" timestamp NOT NULL, "updated_at" timestamp NOT NULL, "user_id" integer, "course_id" integer)[0m
  [1m[35m (6.8ms)[0m  [1m[35mCREATE  INDEX  "index_users_courses_on_course_id" ON "users_courses" USING btree ("course_id")[0m
  [1m[35m (2.2ms)[0m  [1m[35mCREATE  INDEX  "index_users_courses_on_user_id" ON "users_courses" USING btree ("user_id")[0m
  [1m[35m (0.9ms)[0m  [1m[35mALTER TABLE "add_course_ref_to_users_courses" ADD CONSTRAINT "fk_rails_455085ff64"
FOREIGN KEY ("course_id")
  REFERENCES "courses" ("id")
[0m
  [1m[35m (121.6ms)[0m  [1m[35mDROP DATABASE IF EXISTS "preupag_development"[0m
  [1m[35m (119.5ms)[0m  [1m[35mDROP DATABASE IF EXISTS "preupag_test"[0m
  [1m[35m (253.3ms)[0m  [1m[35mCREATE DATABASE "preupag_development" ENCODING = 'unicode'[0m
  [1m[35m (249.6ms)[0m  [1m[35mCREATE DATABASE "preupag_test" ENCODING = 'unicode'[0m
  [1m[35mSQL (1.0ms)[0m  [1m[35mCREATE EXTENSION IF NOT EXISTS "plpgsql"[0m
  [1m[35m (6.0ms)[0m  [1m[35mCREATE TABLE "courses" ("id" serial primary key, "name" character varying, "hour" integer, "teacher" character varying, "created_at" timestamp NOT NULL, "updated_at" timestamp NOT NULL)[0m
  [1m[35m (5.2ms)[0m  [1m[35mCREATE TABLE "users" ("id" serial primary key, "name" character varying, "rol" integer, "created_at" timestamp NOT NULL, "updated_at" timestamp NOT NULL, "email" character varying DEFAULT '' NOT NULL, "encrypted_password" character varying DEFAULT '' NOT NULL, "reset_password_token" character varying, "reset_password_sent_at" timestamp, "remember_created_at" timestamp, "sign_in_count" integer DEFAULT 0 NOT NULL, "current_sign_in_at" timestamp, "last_sign_in_at" timestamp, "current_sign_in_ip" inet, "last_sign_in_ip" inet)[0m
  [1m[35m (3.6ms)[0m  [1m[35mCREATE UNIQUE INDEX  "index_users_on_email" ON "users" USING btree ("email")[0m
  [1m[35m (1.3ms)[0m  [1m[35mCREATE UNIQUE INDEX  "index_users_on_reset_password_token" ON "users" USING btree ("reset_password_token")[0m
  [1m[35m (4.4ms)[0m  [1m[35mCREATE TABLE "users_courses" ("id" serial primary key, "created_at" timestamp NOT NULL, "updated_at" timestamp NOT NULL, "user_id" integer, "course_id" integer)[0m
  [1m[35m (2.9ms)[0m  [1m[35mCREATE  INDEX  "index_users_courses_on_course_id" ON "users_courses" USING btree ("course_id")[0m
  [1m[35m (1.5ms)[0m  [1m[35mCREATE  INDEX  "index_users_courses_on_user_id" ON "users_courses" USING btree ("user_id")[0m
  [1m[35m (3.5ms)[0m  [1m[35mALTER TABLE "users_courses" ADD CONSTRAINT "fk_rails_a811f1982b"
FOREIGN KEY ("course_id")
  REFERENCES "courses" ("id")
[0m
  [1m[35m (1.9ms)[0m  [1m[35mALTER TABLE "users_courses" ADD CONSTRAINT "fk_rails_b199819b75"
FOREIGN KEY ("user_id")
  REFERENCES "users" ("id")
[0m
  [1m[35m (7.3ms)[0m  [1m[35mCREATE TABLE "schema_migrations" ("version" character varying PRIMARY KEY)[0m
  [1m[35m (0.6ms)[0m  [1m[34mSELECT version FROM "schema_migrations"[0m
  [1m[35m (1.0ms)[0m  [1m[32mINSERT INTO "schema_migrations" (version) VALUES (20170802032412)[0m
  [1m[35m (1.0ms)[0m  [1m[32mINSERT INTO "schema_migrations" (version) VALUES
(20170802022724),
(20170802023556),
(20170802025858),
(20170802030702),
(20170802032358);

[0m
  [1m[35m (5.1ms)[0m  [1m[35mCREATE TABLE "ar_internal_metadata" ("key" character varying PRIMARY KEY, "value" character varying, "created_at" timestamp NOT NULL, "updated_at" timestamp NOT NULL)[0m
  [1m[36mActiveRecord::InternalMetadata Load (0.4ms)[0m  [1m[34mSELECT  "ar_internal_metadata".* FROM "ar_internal_metadata" WHERE "ar_internal_metadata"."key" = $1 LIMIT $2[0m  [["key", "environment"], ["LIMIT", 1]]
  [1m[35m (0.2ms)[0m  [1m[35mBEGIN[0m
  [1m[35mSQL (0.5ms)[0m  [1m[32mINSERT INTO "ar_internal_metadata" ("key", "value", "created_at", "updated_at") VALUES ($1, $2, $3, $4) RETURNING "key"[0m  [["key", "environment"], ["value", "development"], ["created_at", "2017-08-02 03:26:53.608928"], ["updated_at", "2017-08-02 03:26:53.608928"]]
  [1m[35m (0.3ms)[0m  [1m[35mCOMMIT[0m
  [1m[36mActiveRecord::InternalMetadata Load (0.3ms)[0m  [1m[34mSELECT  "ar_internal_metadata".* FROM "ar_internal_metadata" WHERE "ar_internal_metadata"."key" = $1 LIMIT $2[0m  [["key", "environment"], ["LIMIT", 1]]
  [1m[35m (0.2ms)[0m  [1m[35mBEGIN[0m
  [1m[35m (0.2ms)[0m  [1m[35mCOMMIT[0m
  [1m[35mSQL (0.4ms)[0m  [1m[35mCREATE EXTENSION IF NOT EXISTS "plpgsql"[0m
  [1m[35m (4.7ms)[0m  [1m[35mCREATE TABLE "courses" ("id" serial primary key, "name" character varying, "hour" integer, "teacher" character varying, "created_at" timestamp NOT NULL, "updated_at" timestamp NOT NULL)[0m
  [1m[35m (4.3ms)[0m  [1m[35mCREATE TABLE "users" ("id" serial primary key, "name" character varying, "rol" integer, "created_at" timestamp NOT NULL, "updated_at" timestamp NOT NULL, "email" character varying DEFAULT '' NOT NULL, "encrypted_password" character varying DEFAULT '' NOT NULL, "reset_password_token" character varying, "reset_password_sent_at" timestamp, "remember_created_at" timestamp, "sign_in_count" integer DEFAULT 0 NOT NULL, "current_sign_in_at" timestamp, "last_sign_in_at" timestamp, "current_sign_in_ip" inet, "last_sign_in_ip" inet)[0m
  [1m[35m (1.7ms)[0m  [1m[35mCREATE UNIQUE INDEX  "index_users_on_email" ON "users" USING btree ("email")[0m
  [1m[35m (3.3ms)[0m  [1m[35mCREATE UNIQUE INDEX  "index_users_on_reset_password_token" ON "users" USING btree ("reset_password_token")[0m
  [1m[35m (3.6ms)[0m  [1m[35mCREATE TABLE "users_courses" ("id" serial primary key, "created_at" timestamp NOT NULL, "updated_at" timestamp NOT NULL, "user_id" integer, "course_id" integer)[0m
  [1m[35m (1.3ms)[0m  [1m[35mCREATE  INDEX  "index_users_courses_on_course_id" ON "users_courses" USING btree ("course_id")[0m
  [1m[35m (1.5ms)[0m  [1m[35mCREATE  INDEX  "index_users_courses_on_user_id" ON "users_courses" USING btree ("user_id")[0m
  [1m[35m (2.1ms)[0m  [1m[35mALTER TABLE "users_courses" ADD CONSTRAINT "fk_rails_a811f1982b"
FOREIGN KEY ("course_id")
  REFERENCES "courses" ("id")
[0m
  [1m[35m (1.5ms)[0m  [1m[35mALTER TABLE "users_courses" ADD CONSTRAINT "fk_rails_b199819b75"
FOREIGN KEY ("user_id")
  REFERENCES "users" ("id")
[0m
  [1m[35m (2.4ms)[0m  [1m[35mCREATE TABLE "schema_migrations" ("version" character varying PRIMARY KEY)[0m
  [1m[35m (1.5ms)[0m  [1m[34mSELECT version FROM "schema_migrations"[0m
  [1m[35m (0.7ms)[0m  [1m[32mINSERT INTO "schema_migrations" (version) VALUES (20170802032412)[0m
  [1m[35m (0.6ms)[0m  [1m[32mINSERT INTO "schema_migrations" (version) VALUES
(20170802022724),
(20170802023556),
(20170802025858),
(20170802030702),
(20170802032358);

[0m
  [1m[35m (6.7ms)[0m  [1m[35mCREATE TABLE "ar_internal_metadata" ("key" character varying PRIMARY KEY, "value" character varying, "created_at" timestamp NOT NULL, "updated_at" timestamp NOT NULL)[0m
  [1m[36mActiveRecord::InternalMetadata Load (0.5ms)[0m  [1m[34mSELECT  "ar_internal_metadata".* FROM "ar_internal_metadata" WHERE "ar_internal_metadata"."key" = $1 LIMIT $2[0m  [["key", "environment"], ["LIMIT", 1]]
  [1m[35m (0.2ms)[0m  [1m[35mBEGIN[0m
  [1m[35mSQL (0.5ms)[0m  [1m[32mINSERT INTO "ar_internal_metadata" ("key", "value", "created_at", "updated_at") VALUES ($1, $2, $3, $4) RETURNING "key"[0m  [["key", "environment"], ["value", "development"], ["created_at", "2017-08-02 03:26:53.710149"], ["updated_at", "2017-08-02 03:26:53.710149"]]
  [1m[35m (0.4ms)[0m  [1m[35mCOMMIT[0m
  [1m[36mActiveRecord::InternalMetadata Load (0.3ms)[0m  [1m[34mSELECT  "ar_internal_metadata".* FROM "ar_internal_metadata" WHERE "ar_internal_metadata"."key" = $1 LIMIT $2[0m  [["key", "environment"], ["LIMIT", 1]]
  [1m[35m (0.2ms)[0m  [1m[35mBEGIN[0m
  [1m[35m (0.2ms)[0m  [1m[35mCOMMIT[0m
  [1m[36mActiveRecord::SchemaMigration Load (0.4ms)[0m  [1m[34mSELECT "schema_migrations".* FROM "schema_migrations"[0m
Started GET "/courses" for 127.0.0.1 at 2017-08-01 23:27:49 -0400
  [1m[36mActiveRecord::SchemaMigration Load (0.5ms)[0m  [1m[34mSELECT "schema_migrations".* FROM "schema_migrations"[0m
Processing by CoursesController#index as HTML
  Rendering courses/index.html.erb within layouts/application
  [1m[36mCourse Load (0.5ms)[0m  [1m[34mSELECT "courses".* FROM "courses"[0m
  Rendered courses/index.html.erb within layouts/application (14.9ms)
Completed 200 OK in 286ms (Views: 266.9ms | ActiveRecord: 1.7ms)


Started GET "/change_level?id=5" for 127.0.0.1 at 2017-08-01 23:27:53 -0400
  
ActionController::RoutingError (No route matches [GET] "/change_level"):
  
actionpack (5.0.5) lib/action_dispatch/middleware/debug_exceptions.rb:53:in `call'
web-console (3.5.1) lib/web_console/middleware.rb:135:in `call_app'
web-console (3.5.1) lib/web_console/middleware.rb:28:in `block in call'
web-console (3.5.1) lib/web_console/middleware.rb:18:in `catch'
web-console (3.5.1) lib/web_console/middleware.rb:18:in `call'
actionpack (5.0.5) lib/action_dispatch/middleware/show_exceptions.rb:31:in `call'
railties (5.0.5) lib/rails/rack/logger.rb:36:in `call_app'
railties (5.0.5) lib/rails/rack/logger.rb:24:in `block in call'
activesupport (5.0.5) lib/active_support/tagged_logging.rb:69:in `block in tagged'
activesupport (5.0.5) lib/active_support/tagged_logging.rb:26:in `tagged'
activesupport (5.0.5) lib/active_support/tagged_logging.rb:69:in `tagged'
railties (5.0.5) lib/rails/rack/logger.rb:24:in `call'
sprockets-rails (3.2.0) lib/sprockets/rails/quiet_assets.rb:13:in `call'
actionpack (5.0.5) lib/action_dispatch/middleware/request_id.rb:24:in `call'
rack (2.0.3) lib/rack/method_override.rb:22:in `call'
rack (2.0.3) lib/rack/runtime.rb:22:in `call'
activesupport (5.0.5) lib/active_support/cache/strategy/local_cache_middleware.rb:28:in `call'
actionpack (5.0.5) lib/action_dispatch/middleware/executor.rb:12:in `call'
actionpack (5.0.5) lib/action_dispatch/middleware/static.rb:136:in `call'
rack (2.0.3) lib/rack/sendfile.rb:111:in `call'
railties (5.0.5) lib/rails/engine.rb:522:in `call'
puma (3.9.1) lib/puma/configuration.rb:224:in `call'
puma (3.9.1) lib/puma/server.rb:602:in `handle_request'
puma (3.9.1) lib/puma/server.rb:435:in `process_client'
puma (3.9.1) lib/puma/server.rb:299:in `block in run'
puma (3.9.1) lib/puma/thread_pool.rb:120:in `block in spawn_thread'
  Rendering /Users/daruz14/.rbenv/versions/2.4.0/lib/ruby/gems/2.4.0/gems/actionpack-5.0.5/lib/action_dispatch/middleware/templates/rescues/routing_error.html.erb within rescues/layout
  Rendering /Users/daruz14/.rbenv/versions/2.4.0/lib/ruby/gems/2.4.0/gems/actionpack-5.0.5/lib/action_dispatch/middleware/templates/rescues/_trace.html.erb
  Rendered /Users/daruz14/.rbenv/versions/2.4.0/lib/ruby/gems/2.4.0/gems/actionpack-5.0.5/lib/action_dispatch/middleware/templates/rescues/_trace.html.erb (1.4ms)
  Rendered collection of /Users/daruz14/.rbenv/versions/2.4.0/lib/ruby/gems/2.4.0/gems/actionpack-5.0.5/lib/action_dispatch/middleware/templates/routes/_route.html.erb [32 times] (8.7ms)
  Rendered /Users/daruz14/.rbenv/versions/2.4.0/lib/ruby/gems/2.4.0/gems/actionpack-5.0.5/lib/action_dispatch/middleware/templates/routes/_table.html.erb (8.7ms)
  Rendering /Users/daruz14/.rbenv/versions/2.4.0/lib/ruby/gems/2.4.0/gems/actionpack-5.0.5/lib/action_dispatch/middleware/templates/rescues/_request_and_response.html.erb
  Rendered /Users/daruz14/.rbenv/versions/2.4.0/lib/ruby/gems/2.4.0/gems/actionpack-5.0.5/lib/action_dispatch/middleware/templates/rescues/_request_and_response.html.erb (1.2ms)
  Rendered /Users/daruz14/.rbenv/versions/2.4.0/lib/ruby/gems/2.4.0/gems/actionpack-5.0.5/lib/action_dispatch/middleware/templates/rescues/routing_error.html.erb within rescues/layout (111.3ms)
Started GET "/" for 127.0.0.1 at 2017-08-01 23:27:54 -0400
Processing by UsersController#index as HTML
  Rendering users/index.html.erb within layouts/application
  [1m[36mUser Load (0.8ms)[0m  [1m[34mSELECT "users".* FROM "users"[0m
  Rendered users/index.html.erb within layouts/application (6.3ms)
Started GET "/" for 127.0.0.1 at 2017-08-01 23:27:54 -0400
Processing by UsersController#index as HTML
  Rendering users/index.html.erb within layouts/application
  [1m[36mUser Load (2.7ms)[0m  [1m[34mSELECT "users".* FROM "users"[0m
  Rendered users/index.html.erb within layouts/application (5.2ms)
Completed 200 OK in 81ms (Views: 75.3ms | ActiveRecord: 3.4ms)


Completed 200 OK in 43ms (Views: 37.2ms | ActiveRecord: 2.7ms)


Started GET "/users/sign_up" for 127.0.0.1 at 2017-08-01 23:27:56 -0400
Processing by Devise::RegistrationsController#new as HTML
  [1m[36mUser Load (0.9ms)[0m  [1m[34mSELECT  "users".* FROM "users" WHERE "users"."id" = $1 ORDER BY "users"."id" ASC LIMIT $2[0m  [["id", 1], ["LIMIT", 1]]
  Rendering /Users/daruz14/.rbenv/versions/2.4.0/lib/ruby/gems/2.4.0/gems/devise-4.2.1/app/views/devise/registrations/new.html.erb within layouts/application
  Rendered /Users/daruz14/.rbenv/versions/2.4.0/lib/ruby/gems/2.4.0/gems/devise-4.2.1/app/views/devise/shared/_links.html.erb (1.0ms)
  Rendered /Users/daruz14/.rbenv/versions/2.4.0/lib/ruby/gems/2.4.0/gems/devise-4.2.1/app/views/devise/registrations/new.html.erb within layouts/application (24.4ms)
Completed 200 OK in 72ms (Views: 49.0ms | ActiveRecord: 7.1ms)


Started POST "/users" for 127.0.0.1 at 2017-08-01 23:28:05 -0400
Processing by Devise::RegistrationsController#create as HTML
  Parameters: {"utf8"=>"✓", "authenticity_token"=>"vfCn7SsRbiO9YBpnNxCFPaIPfRaXgI2NMSBfF3FTjZ7czTDL5vfgkN2R1cVJYJH7s/KZtEL2LWS171cs2y+vCA==", "user"=>{"email"=>"asdasd@asdsads.com", "password"=>"[FILTERED]", "password_confirmation"=>"[FILTERED]"}, "commit"=>"Sign up"}
  [1m[35m (0.2ms)[0m  [1m[35mBEGIN[0m
  [1m[36mUser Exists (0.8ms)[0m  [1m[34mSELECT  1 AS one FROM "users" WHERE "users"."email" = $1 LIMIT $2[0m  [["email", "asdasd@asdsads.com"], ["LIMIT", 1]]
  [1m[35mSQL (1.3ms)[0m  [1m[32mINSERT INTO "users" ("created_at", "updated_at", "email", "encrypted_password") VALUES ($1, $2, $3, $4) RETURNING "id"[0m  [["created_at", "2017-08-02 03:28:05.442911"], ["updated_at", "2017-08-02 03:28:05.442911"], ["email", "asdasd@asdsads.com"], ["encrypted_password", "$2a$11$hfkgOp21PE06Q1ZAle3dnOvhQbJoQznhdD0W99s1JapTWxLVbRQHq"]]
  [1m[35m (0.9ms)[0m  [1m[35mCOMMIT[0m
  [1m[35m (0.2ms)[0m  [1m[35mBEGIN[0m
  [1m[35mSQL (0.9ms)[0m  [1m[33mUPDATE "users" SET "updated_at" = $1, "sign_in_count" = $2, "current_sign_in_at" = $3, "last_sign_in_at" = $4, "current_sign_in_ip" = $5, "last_sign_in_ip" = $6 WHERE "users"."id" = $7[0m  [["updated_at", "2017-08-02 03:28:05.447848"], ["sign_in_count", 1], ["current_sign_in_at", "2017-08-02 03:28:05.446938"], ["last_sign_in_at", "2017-08-02 03:28:05.446938"], ["current_sign_in_ip", "127.0.0.1/32"], ["last_sign_in_ip", "127.0.0.1/32"], ["id", 1]]
  [1m[35m (0.4ms)[0m  [1m[35mCOMMIT[0m
Redirected to http://localhost:3000/
Completed 302 Found in 169ms (ActiveRecord: 4.7ms)


Started GET "/" for 127.0.0.1 at 2017-08-01 23:28:05 -0400
Processing by UsersController#index as HTML
  Rendering users/index.html.erb within layouts/application
  [1m[36mUser Load (0.9ms)[0m  [1m[34mSELECT "users".* FROM "users"[0m
  Rendered users/index.html.erb within layouts/application (3.6ms)
Completed 200 OK in 26ms (Views: 23.1ms | ActiveRecord: 0.9ms)


Started GET "/" for 127.0.0.1 at 2017-08-01 23:28:07 -0400
Processing by UsersController#index as HTML
  Rendering users/index.html.erb within layouts/application
  [1m[36mUser Load (0.4ms)[0m  [1m[34mSELECT "users".* FROM "users"[0m
  Rendered users/index.html.erb within layouts/application (2.5ms)
Completed 200 OK in 30ms (Views: 27.4ms | ActiveRecord: 0.4ms)


Started GET "/users/1" for 127.0.0.1 at 2017-08-01 23:28:09 -0400
Processing by UsersController#show as HTML
  Parameters: {"id"=>"1"}
  [1m[36mUser Load (0.3ms)[0m  [1m[34mSELECT  "users".* FROM "users" WHERE "users"."id" = $1 LIMIT $2[0m  [["id", 1], ["LIMIT", 1]]
  Rendering users/show.html.erb within layouts/application
  Rendered users/show.html.erb within layouts/application (1.0ms)
Completed 200 OK in 40ms (Views: 23.8ms | ActiveRecord: 1.0ms)


Started GET "/users/1/edit" for 127.0.0.1 at 2017-08-01 23:28:15 -0400
Processing by UsersController#edit as HTML
  Parameters: {"id"=>"1"}
  [1m[36mUser Load (0.5ms)[0m  [1m[34mSELECT  "users".* FROM "users" WHERE "users"."id" = $1 LIMIT $2[0m  [["id", 1], ["LIMIT", 1]]
  Rendering users/edit.html.erb within layouts/application
  Rendered users/_form.html.erb (3.8ms)
  Rendered users/edit.html.erb within layouts/application (6.3ms)
Completed 200 OK in 36ms (Views: 24.6ms | ActiveRecord: 1.2ms)


Started PATCH "/users/1" for 127.0.0.1 at 2017-08-01 23:28:26 -0400
Processing by UsersController#update as HTML
  Parameters: {"utf8"=>"✓", "authenticity_token"=>"+pd/RkI+7+NynlVMx4v9huwgFQiYssp70UzMgxD6SCKWzmu/yxGWb0YqCcFj4XvcZPSjToAarvspUFWAnpSaVQ==", "user"=>{"name"=>"test", "rol"=>"0"}, "commit"=>"Update User", "id"=>"1"}
  [1m[36mUser Load (0.4ms)[0m  [1m[34mSELECT  "users".* FROM "users" WHERE "users"."id" = $1 LIMIT $2[0m  [["id", 1], ["LIMIT", 1]]
  [1m[35m (0.5ms)[0m  [1m[35mBEGIN[0m
  [1m[35mSQL (0.7ms)[0m  [1m[33mUPDATE "users" SET "name" = $1, "rol" = $2, "updated_at" = $3 WHERE "users"."id" = $4[0m  [["name", "test"], ["rol", 0], ["updated_at", "2017-08-02 03:28:26.207724"], ["id", 1]]
  [1m[35m (1.4ms)[0m  [1m[35mCOMMIT[0m
Redirected to http://localhost:3000/users/1
Completed 302 Found in 10ms (ActiveRecord: 3.2ms)


Started GET "/users/1" for 127.0.0.1 at 2017-08-01 23:28:26 -0400
Processing by UsersController#show as HTML
  Parameters: {"id"=>"1"}
  [1m[36mUser Load (0.4ms)[0m  [1m[34mSELECT  "users".* FROM "users" WHERE "users"."id" = $1 LIMIT $2[0m  [["id", 1], ["LIMIT", 1]]
  Rendering users/show.html.erb within layouts/application
  Rendered users/show.html.erb within layouts/application (0.8ms)
Completed 200 OK in 27ms (Views: 23.6ms | ActiveRecord: 0.6ms)


Started GET "/users" for 127.0.0.1 at 2017-08-01 23:28:28 -0400
Processing by UsersController#index as HTML
  Rendering users/index.html.erb within layouts/application
  [1m[36mUser Load (0.5ms)[0m  [1m[34mSELECT "users".* FROM "users"[0m
  Rendered users/index.html.erb within layouts/application (2.2ms)
Completed 200 OK in 28ms (Views: 24.1ms | ActiveRecord: 0.5ms)


Started GET "/users/1" for 127.0.0.1 at 2017-08-01 23:28:29 -0400
Processing by UsersController#show as HTML
  Parameters: {"id"=>"1"}
  [1m[36mUser Load (3.8ms)[0m  [1m[34mSELECT  "users".* FROM "users" WHERE "users"."id" = $1 LIMIT $2[0m  [["id", 1], ["LIMIT", 1]]
  Rendering users/show.html.erb within layouts/application
  Rendered users/show.html.erb within layouts/application (2.5ms)
Completed 200 OK in 55ms (Views: 44.0ms | ActiveRecord: 3.8ms)


Started GET "/users" for 127.0.0.1 at 2017-08-01 23:28:30 -0400
Processing by UsersController#index as HTML
  Rendering users/index.html.erb within layouts/application
  [1m[36mUser Load (1.7ms)[0m  [1m[34mSELECT "users".* FROM "users"[0m
  Rendered users/index.html.erb within layouts/application (5.6ms)
Completed 200 OK in 58ms (Views: 52.0ms | ActiveRecord: 1.7ms)


  [1m[35m (1.4ms)[0m  [1m[34mSELECT pg_try_advisory_lock(7088171207506993485);[0m
  [1m[36mActiveRecord::SchemaMigration Load (0.5ms)[0m  [1m[34mSELECT "schema_migrations".* FROM "schema_migrations"[0m
Migrating to CreateLessons (20170802051018)
  [1m[35m (0.2ms)[0m  [1m[35mBEGIN[0m
  [1m[35m (7.2ms)[0m  [1m[35mCREATE TABLE "lessons" ("id" serial primary key, "name" character varying, "created_at" timestamp NOT NULL, "updated_at" timestamp NOT NULL)[0m
  [1m[35mSQL (1.0ms)[0m  [1m[32mINSERT INTO "schema_migrations" ("version") VALUES ($1) RETURNING "version"[0m  [["version", "20170802051018"]]
  [1m[35m (2.0ms)[0m  [1m[35mCOMMIT[0m
Migrating to AddCourseRefToLessons (20170802051105)
  [1m[35m (0.4ms)[0m  [1m[35mBEGIN[0m
  [1m[35m (0.7ms)[0m  [1m[35mALTER TABLE "lessons" ADD "course_id" integer[0m
  [1m[35m (1.1ms)[0m  [1m[35mCREATE  INDEX  "index_lessons_on_course_id" ON "lessons"  ("course_id")[0m
  [1m[35m (4.0ms)[0m  [1m[35mALTER TABLE "lessons" ADD CONSTRAINT "fk_rails_4bcdb571d9"
FOREIGN KEY ("course_id")
  REFERENCES "courses" ("id")
[0m
  [1m[35mSQL (0.5ms)[0m  [1m[32mINSERT INTO "schema_migrations" ("version") VALUES ($1) RETURNING "version"[0m  [["version", "20170802051105"]]
  [1m[35m (1.6ms)[0m  [1m[35mCOMMIT[0m
  [1m[36mActiveRecord::InternalMetadata Load (0.4ms)[0m  [1m[34mSELECT  "ar_internal_metadata".* FROM "ar_internal_metadata" WHERE "ar_internal_metadata"."key" = $1 LIMIT $2[0m  [["key", "environment"], ["LIMIT", 1]]
  [1m[35m (0.3ms)[0m  [1m[35mBEGIN[0m
  [1m[35m (0.3ms)[0m  [1m[35mCOMMIT[0m
  [1m[35m (0.5ms)[0m  [1m[34mSELECT pg_advisory_unlock(7088171207506993485)[0m
  [1m[36mActiveRecord::SchemaMigration Load (0.3ms)[0m  [1m[34mSELECT "schema_migrations".* FROM "schema_migrations"[0m
  [1m[35m (0.2ms)[0m  [1m[34mSELECT pg_try_advisory_lock(7088171207506993485);[0m
  [1m[36mActiveRecord::SchemaMigration Load (0.5ms)[0m  [1m[34mSELECT "schema_migrations".* FROM "schema_migrations"[0m
Migrating to CreateUsersLessons (20170802051223)
  [1m[35m (0.2ms)[0m  [1m[35mBEGIN[0m
  [1m[35m (3.0ms)[0m  [1m[35mCREATE TABLE "users_lessons" ("id" serial primary key, "created_at" timestamp NOT NULL, "updated_at" timestamp NOT NULL)[0m
  [1m[35mSQL (0.4ms)[0m  [1m[32mINSERT INTO "schema_migrations" ("version") VALUES ($1) RETURNING "version"[0m  [["version", "20170802051223"]]
  [1m[35m (0.6ms)[0m  [1m[35mCOMMIT[0m
Migrating to AddUsersRefToUsersLesson (20170802051309)
  [1m[35m (0.3ms)[0m  [1m[35mBEGIN[0m
  [1m[35m (0.4ms)[0m  [1m[35mALTER TABLE "users_lessons" ADD "user_id" integer[0m
  [1m[35m (1.6ms)[0m  [1m[35mCREATE  INDEX  "index_users_lessons_on_user_id" ON "users_lessons"  ("user_id")[0m
  [1m[35m (2.5ms)[0m  [1m[35mALTER TABLE "users_lessons" ADD CONSTRAINT "fk_rails_ee1cc6e79f"
FOREIGN KEY ("user_id")
  REFERENCES "users" ("id")
[0m
  [1m[35mSQL (0.7ms)[0m  [1m[32mINSERT INTO "schema_migrations" ("version") VALUES ($1) RETURNING "version"[0m  [["version", "20170802051309"]]
  [1m[35m (0.8ms)[0m  [1m[35mCOMMIT[0m
Migrating to AddLessonsRefToUsersLesson (20170802051332)
  [1m[35m (0.5ms)[0m  [1m[35mBEGIN[0m
  [1m[35m (0.3ms)[0m  [1m[35mALTER TABLE "users_lessons" ADD "lesson_id" integer[0m
  [1m[35m (0.8ms)[0m  [1m[35mCREATE  INDEX  "index_users_lessons_on_lesson_id" ON "users_lessons"  ("lesson_id")[0m
  [1m[35m (1.2ms)[0m  [1m[35mALTER TABLE "users_lessons" ADD CONSTRAINT "fk_rails_13e3d6cc8e"
FOREIGN KEY ("lesson_id")
  REFERENCES "lessons" ("id")
[0m
  [1m[35mSQL (0.3ms)[0m  [1m[32mINSERT INTO "schema_migrations" ("version") VALUES ($1) RETURNING "version"[0m  [["version", "20170802051332"]]
  [1m[35m (0.5ms)[0m  [1m[35mCOMMIT[0m
  [1m[36mActiveRecord::InternalMetadata Load (0.4ms)[0m  [1m[34mSELECT  "ar_internal_metadata".* FROM "ar_internal_metadata" WHERE "ar_internal_metadata"."key" = $1 LIMIT $2[0m  [["key", "environment"], ["LIMIT", 1]]
  [1m[35m (0.3ms)[0m  [1m[35mBEGIN[0m
  [1m[35m (0.2ms)[0m  [1m[35mCOMMIT[0m
  [1m[35m (0.6ms)[0m  [1m[34mSELECT pg_advisory_unlock(7088171207506993485)[0m
  [1m[36mActiveRecord::SchemaMigration Load (0.4ms)[0m  [1m[34mSELECT "schema_migrations".* FROM "schema_migrations"[0m
  [1m[35m (0.3ms)[0m  [1m[34mSELECT pg_try_advisory_lock(7088171207506993485);[0m
  [1m[36mActiveRecord::SchemaMigration Load (0.5ms)[0m  [1m[34mSELECT "schema_migrations".* FROM "schema_migrations"[0m
  [1m[36mActiveRecord::InternalMetadata Load (0.4ms)[0m  [1m[34mSELECT  "ar_internal_metadata".* FROM "ar_internal_metadata" WHERE "ar_internal_metadata"."key" = $1 LIMIT $2[0m  [["key", "environment"], ["LIMIT", 1]]
  [1m[35m (0.2ms)[0m  [1m[35mBEGIN[0m
  [1m[35m (0.2ms)[0m  [1m[35mCOMMIT[0m
  [1m[35m (0.2ms)[0m  [1m[34mSELECT pg_advisory_unlock(7088171207506993485)[0m
  [1m[36mActiveRecord::SchemaMigration Load (0.4ms)[0m  [1m[34mSELECT "schema_migrations".* FROM "schema_migrations"[0m
  [1m[36mLesson Load (1.0ms)[0m  [1m[34mSELECT "lessons".* FROM "lessons"[0m
